MSG:1005,0,1,"MakeMKV v1.14.7 darwin(x64-release) started","%1 started","MakeMKV v1.14.7 darwin(x64-release)"
MSG:2010,0,1,"Optical drive \"BD-RE PIONEER BD-RW   BDR-XD05 3.10d\" opened in OS access mode.","Optical drive \"%1\" opened in OS access mode.","BD-RE PIONEER BD-RW   BDR-XD05 3.10d"
DRV:0,2,999,1,"BD-RE PIONEER BD-RW   BDR-XD05 3.10","EAT_THAT_QUESTION","/dev/rdisk2"
DRV:1,256,999,0,"","",""
DRV:2,256,999,0,"","",""
DRV:3,256,999,0,"","",""
DRV:4,256,999,0,"","",""
DRV:5,256,999,0,"","",""
DRV:6,256,999,0,"","",""
DRV:7,256,999,0,"","",""
DRV:8,256,999,0,"","",""
DRV:9,256,999,0,"","",""
DRV:10,256,999,0,"","",""
DRV:11,256,999,0,"","",""
DRV:12,256,999,0,"","",""
DRV:13,256,999,0,"","",""
DRV:14,256,999,0,"","",""
DRV:15,256,999,0,"","",""
MSG:3007,0,0,"Using direct disc access mode","Using direct disc access mode"
MSG:3019,0,2,"Cells 18-end were skipped due to cell commands (structure protection?)","Cells %1-%2 were skipped due to cell commands (structure protection?)","18","end"
MSG:3028,0,3,"Title #1 was added (17 cell(s), 1:33:06)","Title #%1 was added (%2 cell(s), %3)","1","17","1:33:06"
MSG:3025,0,3,"Title #2 has length of 5 seconds which is less than minimum title length of 100 seconds and was therefore skipped","Title #%1 has length of %2 seconds which is less than minimum title length of %3 seconds and was therefore skipped","2","5","100"
MSG:3019,0,2,"Cells 7-end were skipped due to cell commands (structure protection?)","Cells %1-%2 were skipped due to cell commands (structure protection?)","7","end"
MSG:3028,16777216,3,"Title #26 was added (6 cell(s), 0:13:54)","Title #%1 was added (%2 cell(s), %3)","26","6","0:13:54"
MSG:3019,16777216,2,"Cells 7-end were skipped due to cell commands (structure protection?)","Cells %1-%2 were skipped due to cell commands (structure protection?)","7","end"
MSG:3028,0,3,"Title #27 was added (6 cell(s), 0:13:54)","Title #%1 was added (%2 cell(s), %3)","27","6","0:13:54"
MSG:3019,16777216,2,"Cells 2-end were skipped due to cell commands (structure protection?)","Cells %1-%2 were skipped due to cell commands (structure protection?)","2","end"
MSG:3028,0,3,"Title #28 was added (1 cell(s), 0:02:08)","Title #%1 was added (%2 cell(s), %3)","28","1","0:02:08"
MSG:3025,16777216,3,"Title #32 has length of 14 seconds which is less than minimum title length of 100 seconds and was therefore skipped","Title #%1 has length of %2 seconds which is less than minimum title length of %3 seconds and was therefore skipped","32","14","100"
MSG:3025,0,3,"Title #33 has length of 14 seconds which is less than minimum title length of 100 seconds and was therefore skipped","Title #%1 has length of %2 seconds which is less than minimum title length of %3 seconds and was therefore skipped","33","14","100"
MSG:3025,0,3,"Title #34 has length of 46 seconds which is less than minimum title length of 100 seconds and was therefore skipped","Title #%1 has length of %2 seconds which is less than minimum title length of %3 seconds and was therefore skipped","34","46","100"
MSG:3025,0,3,"Title #35/1 has length of 5 seconds which is less than minimum title length of 100 seconds and was therefore skipped","Title #%1 has length of %2 seconds which is less than minimum title length of %3 seconds and was therefore skipped","35/1","5","100"
MSG:3025,16777216,3,"Title #35/2 has length of 5 seconds which is less than minimum title length of 100 seconds and was therefore skipped","Title #%1 has length of %2 seconds which is less than minimum title length of %3 seconds and was therefore skipped","35/2","5","100"
MSG:3025,16777216,3,"Title #35/3 has length of 10 seconds which is less than minimum title length of 100 seconds and was therefore skipped","Title #%1 has length of %2 seconds which is less than minimum title length of %3 seconds and was therefore skipped","35/3","10","100"
MSG:3025,16777216,3,"Title #35/4 has length of 5 seconds which is less than minimum title length of 100 seconds and was therefore skipped","Title #%1 has length of %2 seconds which is less than minimum title length of %3 seconds and was therefore skipped","35/4","5","100"
MSG:3025,16777216,3,"Title #35/6 has length of 5 seconds which is less than minimum title length of 100 seconds and was therefore skipped","Title #%1 has length of %2 seconds which is less than minimum title length of %3 seconds and was therefore skipped","35/6","5","100"
MSG:3025,16777216,3,"Title #35/7 has length of 5 seconds which is less than minimum title length of 100 seconds and was therefore skipped","Title #%1 has length of %2 seconds which is less than minimum title length of %3 seconds and was therefore skipped","35/7","5","100"
MSG:3025,16777216,3,"Title #35/8 has length of 5 seconds which is less than minimum title length of 100 seconds and was therefore skipped","Title #%1 has length of %2 seconds which is less than minimum title length of %3 seconds and was therefore skipped","35/8","5","100"
MSG:3025,0,3,"Title #35/9 has length of 15 seconds which is less than minimum title length of 100 seconds and was therefore skipped","Title #%1 has length of %2 seconds which is less than minimum title length of %3 seconds and was therefore skipped","35/9","15","100"
MSG:3025,16777216,3,"Title #35/10 has length of 5 seconds which is less than minimum title length of 100 seconds and was therefore skipped","Title #%1 has length of %2 seconds which is less than minimum title length of %3 seconds and was therefore skipped","35/10","5","100"
MSG:3025,16777216,3,"Title #35/11 has length of 5 seconds which is less than minimum title length of 100 seconds and was therefore skipped","Title #%1 has length of %2 seconds which is less than minimum title length of %3 seconds and was therefore skipped","35/11","5","100"
MSG:3025,16777216,3,"Title #35/12 has length of 5 seconds which is less than minimum title length of 100 seconds and was therefore skipped","Title #%1 has length of %2 seconds which is less than minimum title length of %3 seconds and was therefore skipped","35/12","5","100"
MSG:3025,16777216,3,"Title #36/1 has length of 5 seconds which is less than minimum title length of 100 seconds and was therefore skipped","Title #%1 has length of %2 seconds which is less than minimum title length of %3 seconds and was therefore skipped","36/1","5","100"
MSG:3025,0,3,"Title #36/2 has length of 5 seconds which is less than minimum title length of 100 seconds and was therefore skipped","Title #%1 has length of %2 seconds which is less than minimum title length of %3 seconds and was therefore skipped","36/2","5","100"
MSG:3025,16777216,3,"Title #36/3 has length of 10 seconds which is less than minimum title length of 100 seconds and was therefore skipped","Title #%1 has length of %2 seconds which is less than minimum title length of %3 seconds and was therefore skipped","36/3","10","100"
MSG:3025,16777216,3,"Title #37/1 has length of 5 seconds which is less than minimum title length of 100 seconds and was therefore skipped","Title #%1 has length of %2 seconds which is less than minimum title length of %3 seconds and was therefore skipped","37/1","5","100"
MSG:3025,0,3,"Title #37/2 has length of 5 seconds which is less than minimum title length of 100 seconds and was therefore skipped","Title #%1 has length of %2 seconds which is less than minimum title length of %3 seconds and was therefore skipped","37/2","5","100"
MSG:3025,16777216,3,"Title #38/1 has length of 5 seconds which is less than minimum title length of 100 seconds and was therefore skipped","Title #%1 has length of %2 seconds which is less than minimum title length of %3 seconds and was therefore skipped","38/1","5","100"
MSG:3025,16777216,3,"Title #38/2 has length of 5 seconds which is less than minimum title length of 100 seconds and was therefore skipped","Title #%1 has length of %2 seconds which is less than minimum title length of %3 seconds and was therefore skipped","38/2","5","100"
MSG:3025,16777216,3,"Title #38/3 has length of 5 seconds which is less than minimum title length of 100 seconds and was therefore skipped","Title #%1 has length of %2 seconds which is less than minimum title length of %3 seconds and was therefore skipped","38/3","5","100"
MSG:3025,0,3,"Title #38/4 has length of 5 seconds which is less than minimum title length of 100 seconds and was therefore skipped","Title #%1 has length of %2 seconds which is less than minimum title length of %3 seconds and was therefore skipped","38/4","5","100"
MSG:3025,16777216,3,"Title #38/5 has length of 5 seconds which is less than minimum title length of 100 seconds and was therefore skipped","Title #%1 has length of %2 seconds which is less than minimum title length of %3 seconds and was therefore skipped","38/5","5","100"
MSG:3025,16777216,3,"Title #38/6 has length of 5 seconds which is less than minimum title length of 100 seconds and was therefore skipped","Title #%1 has length of %2 seconds which is less than minimum title length of %3 seconds and was therefore skipped","38/6","5","100"
MSG:3025,16777216,3,"Title #38/7 has length of 5 seconds which is less than minimum title length of 100 seconds and was therefore skipped","Title #%1 has length of %2 seconds which is less than minimum title length of %3 seconds and was therefore skipped","38/7","5","100"
MSG:3025,16777216,3,"Title #38/8 has length of 5 seconds which is less than minimum title length of 100 seconds and was therefore skipped","Title #%1 has length of %2 seconds which is less than minimum title length of %3 seconds and was therefore skipped","38/8","5","100"
MSG:3025,0,3,"Title #39/1 has length of 5 seconds which is less than minimum title length of 100 seconds and was therefore skipped","Title #%1 has length of %2 seconds which is less than minimum title length of %3 seconds and was therefore skipped","39/1","5","100"
MSG:3027,0,3,"Title 2 in VTS 9 is equal to title 1 and was skipped","Title %3 in VTS %1 is equal to title %2 and was skipped","9","1","2"
MSG:5011,0,0,"Operation successfully completed","Operation successfully completed"
TCOUNT:3
CINFO:1,6206,"DVD disc"
CINFO:2,0,"Eat That Question - Frank Zappa In His Own Words"
CINFO:28,0,"eng"
CINFO:29,0,"English"
CINFO:30,0,"Eat That Question - Frank Zappa In His Own Words"
CINFO:31,6119,"<b>Source information</b><br>"
CINFO:32,0,"EAT_THAT_QUESTION"
CINFO:33,0,"0"
TINFO:0,2,0,"Eat That Question - Frank Zappa In His Own Words"
TINFO:0,8,0,"16"
TINFO:0,9,0,"1:33:06"
TINFO:0,10,0,"4.2 GB"
TINFO:0,11,0,"4543475712"
TINFO:0,24,0,"01"
TINFO:0,25,0,"1"
TINFO:0,26,0,"1-17"
TINFO:0,27,0,"Eat That Question - Frank Zappa In His Own Words_t00.mkv"
TINFO:0,28,0,"eng"
TINFO:0,29,0,"English"
TINFO:0,30,0,"Eat That Question - Frank Zappa In His Own Words - 16 chapter(s) , 4.2 GB"
TINFO:0,31,6120,"<b>Title information</b><br>"
TINFO:0,33,0,"0"
SINFO:0,0,1,6201,"Video"
SINFO:0,0,5,0,"V_MPEG2"
SINFO:0,0,6,0,"Mpeg2"
SINFO:0,0,7,0,"Mpeg2"
SINFO:0,0,13,0,"9.8 Mb/s"
SINFO:0,0,19,0,"720x480"
SINFO:0,0,20,0,"4:3"
SINFO:0,0,21,0,"29.97 (30000/1001)"
SINFO:0,0,22,0,"0"
SINFO:0,0,28,0,"eng"
SINFO:0,0,29,0,"English"
SINFO:0,0,30,0,"Mpeg2"
SINFO:0,0,31,6121,"<b>Track information</b><br>"
SINFO:0,0,33,0,"0"
SINFO:0,0,38,0,""
SINFO:0,0,42,5088,"( Lossless conversion )"
SINFO:0,1,1,6202,"Audio"
SINFO:0,1,2,0,"Surround 5.1"
SINFO:0,1,3,0,"eng"
SINFO:0,1,4,0,"English"
SINFO:0,1,5,0,"A_AC3"
SINFO:0,1,6,0,"DD"
SINFO:0,1,7,0,"Dolby Digital"
SINFO:0,1,13,0,"448 Kb/s"
SINFO:0,1,14,0,"6"
SINFO:0,1,17,0,"48000"
SINFO:0,1,22,0,"0"
SINFO:0,1,28,0,"eng"
SINFO:0,1,29,0,"English"
SINFO:0,1,30,0,"DD Surround 5.1 English"
SINFO:0,1,31,6121,"<b>Track information</b><br>"
SINFO:0,1,33,0,"90"
SINFO:0,1,38,0,"d"
SINFO:0,1,39,0,"Default"
SINFO:0,1,40,0,"5.1(side)"
SINFO:0,1,42,5088,"( Lossless conversion )"
SINFO:0,2,1,6202,"Audio"
SINFO:0,2,2,0,"Surround 5.1"
SINFO:0,2,3,0,"eng"
SINFO:0,2,4,0,"English"
SINFO:0,2,5,0,"A_AC3"
SINFO:0,2,6,0,"DD"
SINFO:0,2,7,0,"Dolby Digital"
SINFO:0,2,13,0,"384 Kb/s"
SINFO:0,2,14,0,"6"
SINFO:0,2,17,0,"48000"
SINFO:0,2,22,0,"0"
SINFO:0,2,28,0,"eng"
SINFO:0,2,29,0,"English"
SINFO:0,2,30,0,"DD Surround 5.1 English"
SINFO:0,2,31,6121,"<b>Track information</b><br>"
SINFO:0,2,33,0,"90"
SINFO:0,2,38,0,""
SINFO:0,2,40,0,"5.1(side)"
SINFO:0,2,42,5088,"( Lossless conversion )"
SINFO:0,3,1,6203,"Subtitles"
SINFO:0,3,3,0,"eng"
SINFO:0,3,4,0,"English"
SINFO:0,3,5,0,"S_VOBSUB"
SINFO:0,3,6,0,""
SINFO:0,3,7,0,"Dvd Subtitles"
SINFO:0,3,22,0,"0"
SINFO:0,3,28,0,"eng"
SINFO:0,3,29,0,"English"
SINFO:0,3,30,0," English"
SINFO:0,3,31,6121,"<b>Track information</b><br>"
SINFO:0,3,33,0,"90"
SINFO:0,3,38,0,"d"
SINFO:0,3,39,0,"Default"
SINFO:0,3,42,5088,"( Lossless conversion )"
SINFO:0,4,1,6203,"Subtitles"
SINFO:0,4,3,0,"eng"
SINFO:0,4,4,0,"English"
SINFO:0,4,5,0,"S_VOBSUB"
SINFO:0,4,6,0,""
SINFO:0,4,7,0,"Dvd Subtitles"
SINFO:0,4,22,0,"0"
SINFO:0,4,28,0,"eng"
SINFO:0,4,29,0,"English"
SINFO:0,4,30,0," English"
SINFO:0,4,31,6121,"<b>Track information</b><br>"
SINFO:0,4,33,0,"90"
SINFO:0,4,38,0,""
SINFO:0,4,42,5088,"( Lossless conversion )"
SINFO:0,5,1,6203,"Subtitles"
SINFO:0,5,3,0,"fre"
SINFO:0,5,4,0,"French"
SINFO:0,5,5,0,"S_VOBSUB"
SINFO:0,5,6,0,""
SINFO:0,5,7,0,"Dvd Subtitles"
SINFO:0,5,22,0,"0"
SINFO:0,5,28,0,"eng"
SINFO:0,5,29,0,"English"
SINFO:0,5,30,0," French"
SINFO:0,5,31,6121,"<b>Track information</b><br>"
SINFO:0,5,33,0,"100"
SINFO:0,5,38,0,""
SINFO:0,5,42,5088,"( Lossless conversion )"
TINFO:1,2,0,"Eat That Question - Frank Zappa In His Own Words"
TINFO:1,8,0,"6"
TINFO:1,9,0,"0:13:54"
TINFO:1,10,0,"552.7 MB"
TINFO:1,11,0,"579577856"
TINFO:1,24,0,"26"
TINFO:1,25,0,"6"
TINFO:1,26,0,"1,2,3,4,5,6"
TINFO:1,27,0,"Eat That Question - Frank Zappa In His Own Words_t01.mkv"
TINFO:1,28,0,"eng"
TINFO:1,29,0,"English"
TINFO:1,30,0,"Eat That Question - Frank Zappa In His Own Words - 6 chapter(s) , 552.7 MB"
TINFO:1,31,6120,"<b>Title information</b><br>"
TINFO:1,33,0,"0"
SINFO:1,0,1,6201,"Video"
SINFO:1,0,5,0,"V_MPEG2"
SINFO:1,0,6,0,"Mpeg2"
SINFO:1,0,7,0,"Mpeg2"
SINFO:1,0,13,0,"7.9 Mb/s"
SINFO:1,0,19,0,"720x480"
SINFO:1,0,20,0,"16:9"
SINFO:1,0,21,0,"29.97 (30000/1001)"
SINFO:1,0,22,0,"0"
SINFO:1,0,28,0,"eng"
SINFO:1,0,29,0,"English"
SINFO:1,0,30,0,"Mpeg2"
SINFO:1,0,31,6121,"<b>Track information</b><br>"
SINFO:1,0,33,0,"0"
SINFO:1,0,38,0,""
SINFO:1,0,42,5088,"( Lossless conversion )"
SINFO:1,1,1,6202,"Audio"
SINFO:1,1,2,0,"Surround 5.1"
SINFO:1,1,3,0,"eng"
SINFO:1,1,4,0,"English"
SINFO:1,1,5,0,"A_AC3"
SINFO:1,1,6,0,"DD"
SINFO:1,1,7,0,"Dolby Digital"
SINFO:1,1,13,0,"448 Kb/s"
SINFO:1,1,14,0,"6"
SINFO:1,1,17,0,"48000"
SINFO:1,1,22,0,"0"
SINFO:1,1,28,0,"eng"
SINFO:1,1,29,0,"English"
SINFO:1,1,30,0,"DD Surround 5.1 English"
SINFO:1,1,31,6121,"<b>Track information</b><br>"
SINFO:1,1,33,0,"90"
SINFO:1,1,38,0,"d"
SINFO:1,1,39,0,"Default"
SINFO:1,1,40,0,"5.1(side)"
SINFO:1,1,42,5088,"( Lossless conversion )"
TINFO:2,2,0,"Eat That Question - Frank Zappa In His Own Words"
TINFO:2,8,0,"1"
TINFO:2,9,0,"0:02:08"
TINFO:2,10,0,"84.2 MB"
TINFO:2,11,0,"88358912"
TINFO:2,24,0,"28"
TINFO:2,25,0,"1"
TINFO:2,26,0,"1"
TINFO:2,27,0,"Eat That Question - Frank Zappa In His Own Words_t02.mkv"
TINFO:2,28,0,"eng"
TINFO:2,29,0,"English"
TINFO:2,30,0,"Eat That Question - Frank Zappa In His Own Words - 1 chapter(s) , 84.2 MB"
TINFO:2,31,6120,"<b>Title information</b><br>"
TINFO:2,33,0,"0"
SINFO:2,0,1,6201,"Video"
SINFO:2,0,5,0,"V_MPEG2"
SINFO:2,0,6,0,"Mpeg2"
SINFO:2,0,7,0,"Mpeg2"
SINFO:2,0,13,0,"7.9 Mb/s"
SINFO:2,0,19,0,"720x480"
SINFO:2,0,20,0,"16:9"
SINFO:2,0,21,0,"29.97 (30000/1001)"
SINFO:2,0,22,0,"0"
SINFO:2,0,28,0,"eng"
SINFO:2,0,29,0,"English"
SINFO:2,0,30,0,"Mpeg2"
SINFO:2,0,31,6121,"<b>Track information</b><br>"
SINFO:2,0,33,0,"0"
SINFO:2,0,38,0,""
SINFO:2,0,42,5088,"( Lossless conversion )"
SINFO:2,1,1,6202,"Audio"
SINFO:2,1,2,0,"Surround 5.1"
SINFO:2,1,3,0,"eng"
SINFO:2,1,4,0,"English"
SINFO:2,1,5,0,"A_AC3"
SINFO:2,1,6,0,"DD"
SINFO:2,1,7,0,"Dolby Digital"
SINFO:2,1,13,0,"448 Kb/s"
SINFO:2,1,14,0,"6"
SINFO:2,1,17,0,"48000"
SINFO:2,1,22,0,"0"
SINFO:2,1,28,0,"eng"
SINFO:2,1,29,0,"English"
SINFO:2,1,30,0,"DD Surround 5.1 English"
SINFO:2,1,31,6121,"<b>Track information</b><br>"
SINFO:2,1,33,0,"90"
SINFO:2,1,38,0,"d"
SINFO:2,1,39,0,"Default"
SINFO:2,1,40,0,"5.1(side)"
SINFO:2,1,42,5088,"( Lossless conversion )"
