MSG:1005,0,1,"MakeMKV v1.14.7 darwin(x64-release) started","%1 started","MakeMKV v1.14.7 darwin(x64-release)"
MSG:2010,0,1,"Optical drive \"BD-RE PIONEER BD-RW   BDR-XD05 3.10d\" opened in OS access mode.","Optical drive \"%1\" opened in OS access mode.","BD-RE PIONEER BD-RW   BDR-XD05 3.10d"
DRV:0,1,999,0,"BD-RE PIONEER BD-RW   BDR-XD05 3.10","",""
DRV:1,256,999,0,"","",""
DRV:2,256,999,0,"","",""
DRV:3,256,999,0,"","",""
DRV:4,256,999,0,"","",""
DRV:5,256,999,0,"","",""
DRV:6,256,999,0,"","",""
DRV:7,256,999,0,"","",""
DRV:8,256,999,0,"","",""
DRV:9,256,999,0,"","",""
DRV:10,256,999,0,"","",""
DRV:11,256,999,0,"","",""
DRV:12,256,999,0,"","",""
DRV:13,256,999,0,"","",""
DRV:14,256,999,0,"","",""
DRV:15,256,999,0,"","",""
MSG:5010,0,0,"Failed to open disc","Failed to open disc"
TCOUNT:0
