MSG:1005,0,1,"MakeMKV v1.14.7 darwin(x64-release) started","%1 started","MakeMKV v1.14.7 darwin(x64-release)"
MSG:2010,0,1,"Optical drive \"BD-RE PIONEER BD-RW   BDR-XD05 3.10d\" opened in OS access mode.","Optical drive \"%1\" opened in OS access mode.","BD-RE PIONEER BD-RW   BDR-XD05 3.10d"
DRV:0,2,999,28,"BD-RE PIONEER BD-RW   BDR-XD05 3.10","SOUND_OF_MUSIC_WW","/dev/rdisk2"
DRV:1,256,999,0,"","",""
DRV:2,256,999,0,"","",""
DRV:3,256,999,0,"","",""
DRV:4,256,999,0,"","",""
DRV:5,256,999,0,"","",""
DRV:6,256,999,0,"","",""
DRV:7,256,999,0,"","",""
DRV:8,256,999,0,"","",""
DRV:9,256,999,0,"","",""
DRV:10,256,999,0,"","",""
DRV:11,256,999,0,"","",""
DRV:12,256,999,0,"","",""
DRV:13,256,999,0,"","",""
DRV:14,256,999,0,"","",""
DRV:15,256,999,0,"","",""
MSG:3007,0,0,"Using direct disc access mode","Using direct disc access mode"
MSG:5085,0,0,"Loaded content hash table, will verify integrity of M2TS files.","Loaded content hash table, will verify integrity of M2TS files."
MSG:3317,16777216,1,"Loaded 10 SVQ file(s)","Loaded %1 SVQ file(s)","10"
MSG:3326,16777216,0,"Processing BD+ code, please be patient - this may take up to few minutes","Processing BD+ code, please be patient - this may take up to few minutes"
MSG:3324,0,1,"Processing BD+ code using generic SVQ from builtin/generic.svq","Processing BD+ code using generic SVQ from %1","builtin/generic.svq"
MSG:3328,0,2,"BD+ code processed, got 1 FUT(s) for 1 clip(s)","BD+ code processed, got %1 FUT(s) for %2 clip(s)","1","1"
MSG:3307,16777216,2,"File 00360.mpls was added as title #0","File %1 was added as title #%2","00360.mpls","0"
MSG:3025,16777216,3,"Title #00020.mpls has length of 76 seconds which is less than minimum title length of 100 seconds and was therefore skipped","Title #%1 has length of %2 seconds which is less than minimum title length of %3 seconds and was therefore skipped","00020.mpls","76","100"
MSG:3309,16777216,2,"Title 00850.mpls is equal to title 00360.mpls and was skipped","Title %1 is equal to title %2 and was skipped","00850.mpls","00360.mpls"
MSG:3309,16777216,2,"Title 00300.mpls(21) is equal to title 00360.mpls and was skipped","Title %1 is equal to title %2 and was skipped","00300.mpls(21)","00360.mpls"
MSG:3309,16777216,2,"Title 00301.mpls is equal to title 00360.mpls and was skipped","Title %1 is equal to title %2 and was skipped","00301.mpls","00360.mpls"
MSG:3309,16777216,2,"Title 00302.mpls is equal to title 00360.mpls and was skipped","Title %1 is equal to title %2 and was skipped","00302.mpls","00360.mpls"
MSG:3309,16777216,2,"Title 00303.mpls is equal to title 00360.mpls and was skipped","Title %1 is equal to title %2 and was skipped","00303.mpls","00360.mpls"
MSG:3309,16777216,2,"Title 00304.mpls is equal to title 00360.mpls and was skipped","Title %1 is equal to title %2 and was skipped","00304.mpls","00360.mpls"
MSG:3309,16777216,2,"Title 00305.mpls is equal to title 00360.mpls and was skipped","Title %1 is equal to title %2 and was skipped","00305.mpls","00360.mpls"
MSG:3309,16777216,2,"Title 00306.mpls is equal to title 00360.mpls and was skipped","Title %1 is equal to title %2 and was skipped","00306.mpls","00360.mpls"
MSG:3309,16777216,2,"Title 00307.mpls is equal to title 00360.mpls and was skipped","Title %1 is equal to title %2 and was skipped","00307.mpls","00360.mpls"
MSG:3309,16777216,2,"Title 00309.mpls is equal to title 00360.mpls and was skipped","Title %1 is equal to title %2 and was skipped","00309.mpls","00360.mpls"
MSG:3309,16777216,2,"Title 00310.mpls is equal to title 00360.mpls and was skipped","Title %1 is equal to title %2 and was skipped","00310.mpls","00360.mpls"
MSG:3309,16777216,2,"Title 00311.mpls is equal to title 00360.mpls and was skipped","Title %1 is equal to title %2 and was skipped","00311.mpls","00360.mpls"
MSG:3309,16777216,2,"Title 00312.mpls is equal to title 00360.mpls and was skipped","Title %1 is equal to title %2 and was skipped","00312.mpls","00360.mpls"
MSG:3309,16777216,2,"Title 00314.mpls is equal to title 00360.mpls and was skipped","Title %1 is equal to title %2 and was skipped","00314.mpls","00360.mpls"
MSG:3309,16777216,2,"Title 00315.mpls is equal to title 00360.mpls and was skipped","Title %1 is equal to title %2 and was skipped","00315.mpls","00360.mpls"
MSG:3309,16777216,2,"Title 00316.mpls is equal to title 00360.mpls and was skipped","Title %1 is equal to title %2 and was skipped","00316.mpls","00360.mpls"
MSG:3309,16777216,2,"Title 00317.mpls is equal to title 00360.mpls and was skipped","Title %1 is equal to title %2 and was skipped","00317.mpls","00360.mpls"
MSG:3309,16777216,2,"Title 00313.mpls is equal to title 00360.mpls and was skipped","Title %1 is equal to title %2 and was skipped","00313.mpls","00360.mpls"
MSG:3309,16777216,2,"Title 00319.mpls is equal to title 00360.mpls and was skipped","Title %1 is equal to title %2 and was skipped","00319.mpls","00360.mpls"
MSG:3309,16777216,2,"Title 00320.mpls is equal to title 00360.mpls and was skipped","Title %1 is equal to title %2 and was skipped","00320.mpls","00360.mpls"
MSG:3309,16777216,2,"Title 00321.mpls is equal to title 00360.mpls and was skipped","Title %1 is equal to title %2 and was skipped","00321.mpls","00360.mpls"
MSG:3309,16777216,2,"Title 00322.mpls is equal to title 00360.mpls and was skipped","Title %1 is equal to title %2 and was skipped","00322.mpls","00360.mpls"
MSG:3309,16777216,2,"Title 00323.mpls is equal to title 00360.mpls and was skipped","Title %1 is equal to title %2 and was skipped","00323.mpls","00360.mpls"
MSG:3309,16777216,2,"Title 00324.mpls is equal to title 00360.mpls and was skipped","Title %1 is equal to title %2 and was skipped","00324.mpls","00360.mpls"
MSG:3309,16777216,2,"Title 00801.mpls is equal to title 00360.mpls and was skipped","Title %1 is equal to title %2 and was skipped","00801.mpls","00360.mpls"
MSG:3309,16777216,2,"Title 00851.mpls is equal to title 00360.mpls and was skipped","Title %1 is equal to title %2 and was skipped","00851.mpls","00360.mpls"
MSG:3309,16777216,2,"Title 00325.mpls(10) is equal to title 00360.mpls and was skipped","Title %1 is equal to title %2 and was skipped","00325.mpls(10)","00360.mpls"
MSG:3309,16777216,2,"Title 00325.mpls(23) is equal to title 00360.mpls and was skipped","Title %1 is equal to title %2 and was skipped","00325.mpls(23)","00360.mpls"
MSG:3309,16777216,2,"Title 00333.mpls is equal to title 00360.mpls and was skipped","Title %1 is equal to title %2 and was skipped","00333.mpls","00360.mpls"
MSG:3309,16777216,2,"Title 00343.mpls is equal to title 00360.mpls and was skipped","Title %1 is equal to title %2 and was skipped","00343.mpls","00360.mpls"
MSG:3309,16777216,2,"Title 00347.mpls is equal to title 00360.mpls and was skipped","Title %1 is equal to title %2 and was skipped","00347.mpls","00360.mpls"
MSG:3309,16777216,2,"Title 00348.mpls is equal to title 00360.mpls and was skipped","Title %1 is equal to title %2 and was skipped","00348.mpls","00360.mpls"
MSG:3309,16777216,2,"Title 00349.mpls is equal to title 00360.mpls and was skipped","Title %1 is equal to title %2 and was skipped","00349.mpls","00360.mpls"
MSG:3309,16777216,2,"Title 00346.mpls is equal to title 00360.mpls and was skipped","Title %1 is equal to title %2 and was skipped","00346.mpls","00360.mpls"
MSG:3309,16777216,2,"Title 00345.mpls is equal to title 00360.mpls and was skipped","Title %1 is equal to title %2 and was skipped","00345.mpls","00360.mpls"
MSG:3309,16777216,2,"Title 00344.mpls is equal to title 00360.mpls and was skipped","Title %1 is equal to title %2 and was skipped","00344.mpls","00360.mpls"
MSG:3309,16777216,2,"Title 00326.mpls is equal to title 00360.mpls and was skipped","Title %1 is equal to title %2 and was skipped","00326.mpls","00360.mpls"
MSG:3309,16777216,2,"Title 00327.mpls is equal to title 00360.mpls and was skipped","Title %1 is equal to title %2 and was skipped","00327.mpls","00360.mpls"
MSG:3309,16777216,2,"Title 00328.mpls is equal to title 00360.mpls and was skipped","Title %1 is equal to title %2 and was skipped","00328.mpls","00360.mpls"
MSG:3309,16777216,2,"Title 00329.mpls is equal to title 00360.mpls and was skipped","Title %1 is equal to title %2 and was skipped","00329.mpls","00360.mpls"
MSG:3309,16777216,2,"Title 00330.mpls is equal to title 00360.mpls and was skipped","Title %1 is equal to title %2 and was skipped","00330.mpls","00360.mpls"
MSG:3309,16777216,2,"Title 00331.mpls is equal to title 00360.mpls and was skipped","Title %1 is equal to title %2 and was skipped","00331.mpls","00360.mpls"
MSG:3309,16777216,2,"Title 00332.mpls is equal to title 00360.mpls and was skipped","Title %1 is equal to title %2 and was skipped","00332.mpls","00360.mpls"
MSG:3309,16777216,2,"Title 00334.mpls is equal to title 00360.mpls and was skipped","Title %1 is equal to title %2 and was skipped","00334.mpls","00360.mpls"
MSG:3309,16777216,2,"Title 00335.mpls is equal to title 00360.mpls and was skipped","Title %1 is equal to title %2 and was skipped","00335.mpls","00360.mpls"
MSG:3309,16777216,2,"Title 00336.mpls is equal to title 00360.mpls and was skipped","Title %1 is equal to title %2 and was skipped","00336.mpls","00360.mpls"
MSG:3309,16777216,2,"Title 00337.mpls is equal to title 00360.mpls and was skipped","Title %1 is equal to title %2 and was skipped","00337.mpls","00360.mpls"
MSG:3309,16777216,2,"Title 00338.mpls is equal to title 00360.mpls and was skipped","Title %1 is equal to title %2 and was skipped","00338.mpls","00360.mpls"
MSG:3309,16777216,2,"Title 00339.mpls is equal to title 00360.mpls and was skipped","Title %1 is equal to title %2 and was skipped","00339.mpls","00360.mpls"
MSG:3309,16777216,2,"Title 00340.mpls is equal to title 00360.mpls and was skipped","Title %1 is equal to title %2 and was skipped","00340.mpls","00360.mpls"
MSG:3309,16777216,2,"Title 00341.mpls is equal to title 00360.mpls and was skipped","Title %1 is equal to title %2 and was skipped","00341.mpls","00360.mpls"
MSG:3309,16777216,2,"Title 00342.mpls is equal to title 00360.mpls and was skipped","Title %1 is equal to title %2 and was skipped","00342.mpls","00360.mpls"
MSG:3309,16777216,2,"Title 00800.mpls is equal to title 00360.mpls and was skipped","Title %1 is equal to title %2 and was skipped","00800.mpls","00360.mpls"
MSG:3025,16777216,3,"Title #00350.mpls has length of 87 seconds which is less than minimum title length of 100 seconds and was therefore skipped","Title #%1 has length of %2 seconds which is less than minimum title length of %3 seconds and was therefore skipped","00350.mpls","87","100"
MSG:3025,16777216,3,"Title #00011.m2ts has length of 9 seconds which is less than minimum title length of 100 seconds and was therefore skipped","Title #%1 has length of %2 seconds which is less than minimum title length of %3 seconds and was therefore skipped","00011.m2ts","9","100"
MSG:3025,16777216,3,"Title #00123.m2ts has length of 15 seconds which is less than minimum title length of 100 seconds and was therefore skipped","Title #%1 has length of %2 seconds which is less than minimum title length of %3 seconds and was therefore skipped","00123.m2ts","15","100"
MSG:3025,16777216,3,"Title #00122.m2ts has length of 11 seconds which is less than minimum title length of 100 seconds and was therefore skipped","Title #%1 has length of %2 seconds which is less than minimum title length of %3 seconds and was therefore skipped","00122.m2ts","11","100"
MSG:3025,0,3,"Title #00720.m2ts has length of 17 seconds which is less than minimum title length of 100 seconds and was therefore skipped","Title #%1 has length of %2 seconds which is less than minimum title length of %3 seconds and was therefore skipped","00720.m2ts","17","100"
MSG:3307,16777216,2,"File 00318.m2ts was added as title #1","File %1 was added as title #%2","00318.m2ts","1"
MSG:3307,16777216,2,"File 00360.m2ts was added as title #2","File %1 was added as title #%2","00360.m2ts","2"
MSG:3025,16777216,3,"Title #00308.m2ts has length of 57 seconds which is less than minimum title length of 100 seconds and was therefore skipped","Title #%1 has length of %2 seconds which is less than minimum title length of %3 seconds and was therefore skipped","00308.m2ts","57","100"
MSG:3025,16777216,3,"Title #00351.m2ts has length of 30 seconds which is less than minimum title length of 100 seconds and was therefore skipped","Title #%1 has length of %2 seconds which is less than minimum title length of %3 seconds and was therefore skipped","00351.m2ts","30","100"
MSG:3025,0,3,"Title #00020.m2ts has length of 76 seconds which is less than minimum title length of 100 seconds and was therefore skipped","Title #%1 has length of %2 seconds which is less than minimum title length of %3 seconds and was therefore skipped","00020.m2ts","76","100"
MSG:5011,0,0,"Operation successfully completed","Operation successfully completed"
TCOUNT:3
CINFO:1,6209,"Blu-ray disc"
CINFO:2,0,"The Sound of Music"
CINFO:28,0,"eng"
CINFO:29,0,"English"
CINFO:30,0,"The Sound of Music"
CINFO:31,6119,"<b>Source information</b><br>"
CINFO:32,0,"SOUND_OF_MUSIC_WW"
CINFO:33,0,"0"
TINFO:0,2,0,"The Sound of Music"
TINFO:0,8,0,"60"
TINFO:0,9,0,"2:54:41"
TINFO:0,10,0,"42.1 GB"
TINFO:0,11,0,"45278035968"
TINFO:0,16,0,"00360.mpls"
TINFO:0,25,0,"1"
TINFO:0,26,0,"360"
TINFO:0,27,0,"The Sound of Music_t00.mkv"
TINFO:0,28,0,"eng"
TINFO:0,29,0,"English"
TINFO:0,30,0,"The Sound of Music - 60 chapter(s) , 42.1 GB"
TINFO:0,31,6120,"<b>Title information</b><br>"
TINFO:0,33,0,"0"
SINFO:0,0,1,6201,"Video"
SINFO:0,0,5,0,"V_MPEG4/ISO/AVC"
SINFO:0,0,6,0,"Mpeg4"
SINFO:0,0,7,0,"Mpeg4 AVC High@L4.1"
SINFO:0,0,19,0,"1920x1080"
SINFO:0,0,20,0,"16:9"
SINFO:0,0,21,0,"23.976 (24000/1001)"
SINFO:0,0,22,0,"0"
SINFO:0,0,28,0,"eng"
SINFO:0,0,29,0,"English"
SINFO:0,0,30,0,"Mpeg4"
SINFO:0,0,31,6121,"<b>Track information</b><br>"
SINFO:0,0,33,0,"0"
SINFO:0,0,38,0,""
SINFO:0,0,42,5088,"( Lossless conversion )"
SINFO:0,1,1,6202,"Audio"
SINFO:0,1,2,0,"Surround 7.1"
SINFO:0,1,3,0,"eng"
SINFO:0,1,4,0,"English"
SINFO:0,1,5,0,"A_DTS"
SINFO:0,1,6,0,"DTS-HD MA"
SINFO:0,1,7,0,"DTS-HD Master Audio"
SINFO:0,1,14,0,"8"
SINFO:0,1,17,0,"48000"
SINFO:0,1,18,0,"24"
SINFO:0,1,22,0,"1024"
SINFO:0,1,28,0,"eng"
SINFO:0,1,29,0,"English"
SINFO:0,1,30,0,"DTS-HD MA Surround 7.1 English"
SINFO:0,1,31,6121,"<b>Track information</b><br>"
SINFO:0,1,33,0,"90"
SINFO:0,1,38,0,"d"
SINFO:0,1,39,0,"Default"
SINFO:0,1,40,0,"7.1"
SINFO:0,1,42,5088,"( Lossless conversion )"
SINFO:0,2,1,6202,"Audio"
SINFO:0,2,2,0,"Surround 5.1"
SINFO:0,2,3,0,"eng"
SINFO:0,2,4,0,"English"
SINFO:0,2,5,0,"A_DTS"
SINFO:0,2,6,0,"DTS"
SINFO:0,2,7,0,"DTS"
SINFO:0,2,13,0,"1.5 Mb/s"
SINFO:0,2,14,0,"6"
SINFO:0,2,17,0,"48000"
SINFO:0,2,22,0,"2304"
SINFO:0,2,28,0,"eng"
SINFO:0,2,29,0,"English"
SINFO:0,2,30,0,"DTS Surround 5.1 English"
SINFO:0,2,31,6121,"<b>Track information</b><br>"
SINFO:0,2,33,0,"90"
SINFO:0,2,38,0,""
SINFO:0,2,40,0,"5.1(side)"
SINFO:0,2,42,5088,"( Lossless conversion )"
SINFO:0,3,1,6202,"Audio"
SINFO:0,3,2,0,"Surround 4.0"
SINFO:0,3,3,0,"eng"
SINFO:0,3,4,0,"English"
SINFO:0,3,5,0,"A_AC3"
SINFO:0,3,6,0,"DD"
SINFO:0,3,7,0,"Dolby Digital"
SINFO:0,3,13,0,"448 Kb/s"
SINFO:0,3,14,0,"4"
SINFO:0,3,17,0,"48000"
SINFO:0,3,22,0,"0"
SINFO:0,3,28,0,"eng"
SINFO:0,3,29,0,"English"
SINFO:0,3,30,0,"DD Surround 4.0 English"
SINFO:0,3,31,6121,"<b>Track information</b><br>"
SINFO:0,3,33,0,"90"
SINFO:0,3,38,0,""
SINFO:0,3,40,0,"4.0"
SINFO:0,3,42,5088,"( Lossless conversion )"
SINFO:0,4,1,6202,"Audio"
SINFO:0,4,2,0,"Surround 5.1"
SINFO:0,4,3,0,"por"
SINFO:0,4,4,0,"Portuguese"
SINFO:0,4,5,0,"A_AC3"
SINFO:0,4,6,0,"DD"
SINFO:0,4,7,0,"Dolby Digital"
SINFO:0,4,13,0,"448 Kb/s"
SINFO:0,4,14,0,"6"
SINFO:0,4,17,0,"48000"
SINFO:0,4,22,0,"0"
SINFO:0,4,28,0,"eng"
SINFO:0,4,29,0,"English"
SINFO:0,4,30,0,"DD Surround 5.1 Portuguese"
SINFO:0,4,31,6121,"<b>Track information</b><br>"
SINFO:0,4,33,0,"100"
SINFO:0,4,38,0,""
SINFO:0,4,40,0,"5.1(side)"
SINFO:0,4,42,5088,"( Lossless conversion )"
SINFO:0,5,1,6202,"Audio"
SINFO:0,5,2,0,"Surround 5.1"
SINFO:0,5,3,0,"fra"
SINFO:0,5,4,0,"French"
SINFO:0,5,5,0,"A_DTS"
SINFO:0,5,6,0,"DTS"
SINFO:0,5,7,0,"DTS"
SINFO:0,5,13,0,"768 Kb/s"
SINFO:0,5,14,0,"6"
SINFO:0,5,17,0,"48000"
SINFO:0,5,22,0,"0"
SINFO:0,5,28,0,"eng"
SINFO:0,5,29,0,"English"
SINFO:0,5,30,0,"DTS Surround 5.1 French"
SINFO:0,5,31,6121,"<b>Track information</b><br>"
SINFO:0,5,33,0,"100"
SINFO:0,5,38,0,""
SINFO:0,5,40,0,"5.1(side)"
SINFO:0,5,42,5088,"( Lossless conversion )"
SINFO:0,6,1,6202,"Audio"
SINFO:0,6,2,0,"Surround 5.1"
SINFO:0,6,3,0,"spa"
SINFO:0,6,4,0,"Spanish"
SINFO:0,6,5,0,"A_AC3"
SINFO:0,6,6,0,"DD"
SINFO:0,6,7,0,"Dolby Digital"
SINFO:0,6,13,0,"448 Kb/s"
SINFO:0,6,14,0,"6"
SINFO:0,6,17,0,"48000"
SINFO:0,6,22,0,"0"
SINFO:0,6,28,0,"eng"
SINFO:0,6,29,0,"English"
SINFO:0,6,30,0,"DD Surround 5.1 Spanish"
SINFO:0,6,31,6121,"<b>Track information</b><br>"
SINFO:0,6,33,0,"100"
SINFO:0,6,38,0,""
SINFO:0,6,40,0,"5.1(side)"
SINFO:0,6,42,5088,"( Lossless conversion )"
SINFO:0,7,1,6202,"Audio"
SINFO:0,7,2,5091,"Stereo"
SINFO:0,7,3,0,"eng"
SINFO:0,7,4,0,"English"
SINFO:0,7,5,0,"A_AC3"
SINFO:0,7,6,0,"DD"
SINFO:0,7,7,0,"Dolby Digital"
SINFO:0,7,13,0,"224 Kb/s"
SINFO:0,7,14,0,"2"
SINFO:0,7,17,0,"48000"
SINFO:0,7,22,0,"0"
SINFO:0,7,28,0,"eng"
SINFO:0,7,29,0,"English"
SINFO:0,7,30,0,"DD Stereo English"
SINFO:0,7,31,6121,"<b>Track information</b><br>"
SINFO:0,7,33,0,"90"
SINFO:0,7,38,0,""
SINFO:0,7,40,0,"stereo"
SINFO:0,7,42,5088,"( Lossless conversion )"
SINFO:0,8,1,6202,"Audio"
SINFO:0,8,2,5091,"Stereo"
SINFO:0,8,3,0,"eng"
SINFO:0,8,4,0,"English"
SINFO:0,8,5,0,"A_AC3"
SINFO:0,8,6,0,"DD"
SINFO:0,8,7,0,"Dolby Digital"
SINFO:0,8,13,0,"224 Kb/s"
SINFO:0,8,14,0,"2"
SINFO:0,8,17,0,"48000"
SINFO:0,8,22,0,"0"
SINFO:0,8,28,0,"eng"
SINFO:0,8,29,0,"English"
SINFO:0,8,30,0,"DD Stereo English"
SINFO:0,8,31,6121,"<b>Track information</b><br>"
SINFO:0,8,33,0,"90"
SINFO:0,8,38,0,""
SINFO:0,8,40,0,"stereo"
SINFO:0,8,42,5088,"( Lossless conversion )"
SINFO:0,9,1,6203,"Subtitles"
SINFO:0,9,3,0,"eng"
SINFO:0,9,4,0,"English"
SINFO:0,9,5,0,"S_HDMV/PGS"
SINFO:0,9,6,0,"PGS"
SINFO:0,9,7,0,"HDMV PGS Subtitles"
SINFO:0,9,22,0,"0"
SINFO:0,9,28,0,"eng"
SINFO:0,9,29,0,"English"
SINFO:0,9,30,0,"PGS English"
SINFO:0,9,31,6121,"<b>Track information</b><br>"
SINFO:0,9,33,0,"90"
SINFO:0,9,38,0,""
SINFO:0,9,42,5088,"( Lossless conversion )"
SINFO:0,10,1,6203,"Subtitles"
SINFO:0,10,3,0,"eng"
SINFO:0,10,4,0,"English"
SINFO:0,10,5,0,"S_HDMV/PGS"
SINFO:0,10,6,0,"PGS"
SINFO:0,10,7,0,"HDMV PGS Subtitles"
SINFO:0,10,22,0,"6144"
SINFO:0,10,28,0,"eng"
SINFO:0,10,29,0,"English"
SINFO:0,10,30,0,"PGS English  (forced only)"
SINFO:0,10,31,6121,"<b>Track information</b><br>"
SINFO:0,10,33,0,"90"
SINFO:0,10,38,0,"d"
SINFO:0,10,39,0,"Default"
SINFO:0,10,42,5088,"( Lossless conversion )"
SINFO:0,11,1,6203,"Subtitles"
SINFO:0,11,3,0,"fra"
SINFO:0,11,4,0,"French"
SINFO:0,11,5,0,"S_HDMV/PGS"
SINFO:0,11,6,0,"PGS"
SINFO:0,11,7,0,"HDMV PGS Subtitles"
SINFO:0,11,22,0,"0"
SINFO:0,11,28,0,"eng"
SINFO:0,11,29,0,"English"
SINFO:0,11,30,0,"PGS French"
SINFO:0,11,31,6121,"<b>Track information</b><br>"
SINFO:0,11,33,0,"100"
SINFO:0,11,38,0,""
SINFO:0,11,42,5088,"( Lossless conversion )"
SINFO:0,12,1,6203,"Subtitles"
SINFO:0,12,3,0,"fra"
SINFO:0,12,4,0,"French"
SINFO:0,12,5,0,"S_HDMV/PGS"
SINFO:0,12,6,0,"PGS"
SINFO:0,12,7,0,"HDMV PGS Subtitles"
SINFO:0,12,22,0,"6144"
SINFO:0,12,28,0,"eng"
SINFO:0,12,29,0,"English"
SINFO:0,12,30,0,"PGS French  (forced only)"
SINFO:0,12,31,6121,"<b>Track information</b><br>"
SINFO:0,12,33,0,"100"
SINFO:0,12,38,0,""
SINFO:0,12,42,5088,"( Lossless conversion )"
SINFO:0,13,1,6203,"Subtitles"
SINFO:0,13,3,0,"por"
SINFO:0,13,4,0,"Portuguese"
SINFO:0,13,5,0,"S_HDMV/PGS"
SINFO:0,13,6,0,"PGS"
SINFO:0,13,7,0,"HDMV PGS Subtitles"
SINFO:0,13,22,0,"0"
SINFO:0,13,28,0,"eng"
SINFO:0,13,29,0,"English"
SINFO:0,13,30,0,"PGS Portuguese"
SINFO:0,13,31,6121,"<b>Track information</b><br>"
SINFO:0,13,33,0,"100"
SINFO:0,13,38,0,""
SINFO:0,13,42,5088,"( Lossless conversion )"
SINFO:0,14,1,6203,"Subtitles"
SINFO:0,14,3,0,"por"
SINFO:0,14,4,0,"Portuguese"
SINFO:0,14,5,0,"S_HDMV/PGS"
SINFO:0,14,6,0,"PGS"
SINFO:0,14,7,0,"HDMV PGS Subtitles"
SINFO:0,14,22,0,"6144"
SINFO:0,14,28,0,"eng"
SINFO:0,14,29,0,"English"
SINFO:0,14,30,0,"PGS Portuguese  (forced only)"
SINFO:0,14,31,6121,"<b>Track information</b><br>"
SINFO:0,14,33,0,"100"
SINFO:0,14,38,0,""
SINFO:0,14,42,5088,"( Lossless conversion )"
SINFO:0,15,1,6203,"Subtitles"
SINFO:0,15,3,0,"dan"
SINFO:0,15,4,0,"Danish"
SINFO:0,15,5,0,"S_HDMV/PGS"
SINFO:0,15,6,0,"PGS"
SINFO:0,15,7,0,"HDMV PGS Subtitles"
SINFO:0,15,22,0,"0"
SINFO:0,15,28,0,"eng"
SINFO:0,15,29,0,"English"
SINFO:0,15,30,0,"PGS Danish"
SINFO:0,15,31,6121,"<b>Track information</b><br>"
SINFO:0,15,33,0,"100"
SINFO:0,15,38,0,""
SINFO:0,15,42,5088,"( Lossless conversion )"
SINFO:0,16,1,6203,"Subtitles"
SINFO:0,16,3,0,"dan"
SINFO:0,16,4,0,"Danish"
SINFO:0,16,5,0,"S_HDMV/PGS"
SINFO:0,16,6,0,"PGS"
SINFO:0,16,7,0,"HDMV PGS Subtitles"
SINFO:0,16,22,0,"6144"
SINFO:0,16,28,0,"eng"
SINFO:0,16,29,0,"English"
SINFO:0,16,30,0,"PGS Danish  (forced only)"
SINFO:0,16,31,6121,"<b>Track information</b><br>"
SINFO:0,16,33,0,"100"
SINFO:0,16,38,0,""
SINFO:0,16,42,5088,"( Lossless conversion )"
SINFO:0,17,1,6203,"Subtitles"
SINFO:0,17,3,0,"fin"
SINFO:0,17,4,0,"Finnish"
SINFO:0,17,5,0,"S_HDMV/PGS"
SINFO:0,17,6,0,"PGS"
SINFO:0,17,7,0,"HDMV PGS Subtitles"
SINFO:0,17,22,0,"0"
SINFO:0,17,28,0,"eng"
SINFO:0,17,29,0,"English"
SINFO:0,17,30,0,"PGS Finnish"
SINFO:0,17,31,6121,"<b>Track information</b><br>"
SINFO:0,17,33,0,"100"
SINFO:0,17,38,0,""
SINFO:0,17,42,5088,"( Lossless conversion )"
SINFO:0,18,1,6203,"Subtitles"
SINFO:0,18,3,0,"fin"
SINFO:0,18,4,0,"Finnish"
SINFO:0,18,5,0,"S_HDMV/PGS"
SINFO:0,18,6,0,"PGS"
SINFO:0,18,7,0,"HDMV PGS Subtitles"
SINFO:0,18,22,0,"6144"
SINFO:0,18,28,0,"eng"
SINFO:0,18,29,0,"English"
SINFO:0,18,30,0,"PGS Finnish  (forced only)"
SINFO:0,18,31,6121,"<b>Track information</b><br>"
SINFO:0,18,33,0,"100"
SINFO:0,18,38,0,""
SINFO:0,18,42,5088,"( Lossless conversion )"
SINFO:0,19,1,6203,"Subtitles"
SINFO:0,19,3,0,"spa"
SINFO:0,19,4,0,"Spanish"
SINFO:0,19,5,0,"S_HDMV/PGS"
SINFO:0,19,6,0,"PGS"
SINFO:0,19,7,0,"HDMV PGS Subtitles"
SINFO:0,19,22,0,"0"
SINFO:0,19,28,0,"eng"
SINFO:0,19,29,0,"English"
SINFO:0,19,30,0,"PGS Spanish"
SINFO:0,19,31,6121,"<b>Track information</b><br>"
SINFO:0,19,33,0,"100"
SINFO:0,19,38,0,""
SINFO:0,19,42,5088,"( Lossless conversion )"
SINFO:0,20,1,6203,"Subtitles"
SINFO:0,20,3,0,"spa"
SINFO:0,20,4,0,"Spanish"
SINFO:0,20,5,0,"S_HDMV/PGS"
SINFO:0,20,6,0,"PGS"
SINFO:0,20,7,0,"HDMV PGS Subtitles"
SINFO:0,20,22,0,"6144"
SINFO:0,20,28,0,"eng"
SINFO:0,20,29,0,"English"
SINFO:0,20,30,0,"PGS Spanish  (forced only)"
SINFO:0,20,31,6121,"<b>Track information</b><br>"
SINFO:0,20,33,0,"100"
SINFO:0,20,38,0,""
SINFO:0,20,42,5088,"( Lossless conversion )"
SINFO:0,21,1,6203,"Subtitles"
SINFO:0,21,3,0,"nld"
SINFO:0,21,4,0,"Dutch"
SINFO:0,21,5,0,"S_HDMV/PGS"
SINFO:0,21,6,0,"PGS"
SINFO:0,21,7,0,"HDMV PGS Subtitles"
SINFO:0,21,22,0,"0"
SINFO:0,21,28,0,"eng"
SINFO:0,21,29,0,"English"
SINFO:0,21,30,0,"PGS Dutch"
SINFO:0,21,31,6121,"<b>Track information</b><br>"
SINFO:0,21,33,0,"100"
SINFO:0,21,38,0,""
SINFO:0,21,42,5088,"( Lossless conversion )"
SINFO:0,22,1,6203,"Subtitles"
SINFO:0,22,3,0,"nld"
SINFO:0,22,4,0,"Dutch"
SINFO:0,22,5,0,"S_HDMV/PGS"
SINFO:0,22,6,0,"PGS"
SINFO:0,22,7,0,"HDMV PGS Subtitles"
SINFO:0,22,22,0,"6144"
SINFO:0,22,28,0,"eng"
SINFO:0,22,29,0,"English"
SINFO:0,22,30,0,"PGS Dutch  (forced only)"
SINFO:0,22,31,6121,"<b>Track information</b><br>"
SINFO:0,22,33,0,"100"
SINFO:0,22,38,0,""
SINFO:0,22,42,5088,"( Lossless conversion )"
SINFO:0,23,1,6203,"Subtitles"
SINFO:0,23,3,0,"nor"
SINFO:0,23,4,0,"Norwegian"
SINFO:0,23,5,0,"S_HDMV/PGS"
SINFO:0,23,6,0,"PGS"
SINFO:0,23,7,0,"HDMV PGS Subtitles"
SINFO:0,23,22,0,"0"
SINFO:0,23,28,0,"eng"
SINFO:0,23,29,0,"English"
SINFO:0,23,30,0,"PGS Norwegian"
SINFO:0,23,31,6121,"<b>Track information</b><br>"
SINFO:0,23,33,0,"100"
SINFO:0,23,38,0,""
SINFO:0,23,42,5088,"( Lossless conversion )"
SINFO:0,24,1,6203,"Subtitles"
SINFO:0,24,3,0,"nor"
SINFO:0,24,4,0,"Norwegian"
SINFO:0,24,5,0,"S_HDMV/PGS"
SINFO:0,24,6,0,"PGS"
SINFO:0,24,7,0,"HDMV PGS Subtitles"
SINFO:0,24,22,0,"6144"
SINFO:0,24,28,0,"eng"
SINFO:0,24,29,0,"English"
SINFO:0,24,30,0,"PGS Norwegian  (forced only)"
SINFO:0,24,31,6121,"<b>Track information</b><br>"
SINFO:0,24,33,0,"100"
SINFO:0,24,38,0,""
SINFO:0,24,42,5088,"( Lossless conversion )"
SINFO:0,25,1,6203,"Subtitles"
SINFO:0,25,3,0,"swe"
SINFO:0,25,4,0,"Swedish"
SINFO:0,25,5,0,"S_HDMV/PGS"
SINFO:0,25,6,0,"PGS"
SINFO:0,25,7,0,"HDMV PGS Subtitles"
SINFO:0,25,22,0,"0"
SINFO:0,25,28,0,"eng"
SINFO:0,25,29,0,"English"
SINFO:0,25,30,0,"PGS Swedish"
SINFO:0,25,31,6121,"<b>Track information</b><br>"
SINFO:0,25,33,0,"100"
SINFO:0,25,38,0,""
SINFO:0,25,42,5088,"( Lossless conversion )"
SINFO:0,26,1,6203,"Subtitles"
SINFO:0,26,3,0,"swe"
SINFO:0,26,4,0,"Swedish"
SINFO:0,26,5,0,"S_HDMV/PGS"
SINFO:0,26,6,0,"PGS"
SINFO:0,26,7,0,"HDMV PGS Subtitles"
SINFO:0,26,22,0,"6144"
SINFO:0,26,28,0,"eng"
SINFO:0,26,29,0,"English"
SINFO:0,26,30,0,"PGS Swedish  (forced only)"
SINFO:0,26,31,6121,"<b>Track information</b><br>"
SINFO:0,26,33,0,"100"
SINFO:0,26,38,0,""
SINFO:0,26,42,5088,"( Lossless conversion )"
SINFO:0,27,1,6203,"Subtitles"
SINFO:0,27,3,0,"eng"
SINFO:0,27,4,0,"English"
SINFO:0,27,5,0,"S_HDMV/PGS"
SINFO:0,27,6,0,"PGS"
SINFO:0,27,7,0,"HDMV PGS Subtitles"
SINFO:0,27,22,0,"0"
SINFO:0,27,28,0,"eng"
SINFO:0,27,29,0,"English"
SINFO:0,27,30,0,"PGS English"
SINFO:0,27,31,6121,"<b>Track information</b><br>"
SINFO:0,27,33,0,"90"
SINFO:0,27,38,0,""
SINFO:0,27,42,5088,"( Lossless conversion )"
SINFO:0,28,1,6203,"Subtitles"
SINFO:0,28,3,0,"eng"
SINFO:0,28,4,0,"English"
SINFO:0,28,5,0,"S_HDMV/PGS"
SINFO:0,28,6,0,"PGS"
SINFO:0,28,7,0,"HDMV PGS Subtitles"
SINFO:0,28,22,0,"6144"
SINFO:0,28,28,0,"eng"
SINFO:0,28,29,0,"English"
SINFO:0,28,30,0,"PGS English  (forced only)"
SINFO:0,28,31,6121,"<b>Track information</b><br>"
SINFO:0,28,33,0,"90"
SINFO:0,28,38,0,""
SINFO:0,28,42,5088,"( Lossless conversion )"
SINFO:0,29,1,6203,"Subtitles"
SINFO:0,29,3,0,"fra"
SINFO:0,29,4,0,"French"
SINFO:0,29,5,0,"S_HDMV/PGS"
SINFO:0,29,6,0,"PGS"
SINFO:0,29,7,0,"HDMV PGS Subtitles"
SINFO:0,29,22,0,"0"
SINFO:0,29,28,0,"eng"
SINFO:0,29,29,0,"English"
SINFO:0,29,30,0,"PGS French"
SINFO:0,29,31,6121,"<b>Track information</b><br>"
SINFO:0,29,33,0,"100"
SINFO:0,29,38,0,""
SINFO:0,29,42,5088,"( Lossless conversion )"
SINFO:0,30,1,6203,"Subtitles"
SINFO:0,30,3,0,"fra"
SINFO:0,30,4,0,"French"
SINFO:0,30,5,0,"S_HDMV/PGS"
SINFO:0,30,6,0,"PGS"
SINFO:0,30,7,0,"HDMV PGS Subtitles"
SINFO:0,30,22,0,"6144"
SINFO:0,30,28,0,"eng"
SINFO:0,30,29,0,"English"
SINFO:0,30,30,0,"PGS French  (forced only)"
SINFO:0,30,31,6121,"<b>Track information</b><br>"
SINFO:0,30,33,0,"100"
SINFO:0,30,38,0,""
SINFO:0,30,42,5088,"( Lossless conversion )"
SINFO:0,31,1,6203,"Subtitles"
SINFO:0,31,3,0,"dan"
SINFO:0,31,4,0,"Danish"
SINFO:0,31,5,0,"S_HDMV/PGS"
SINFO:0,31,6,0,"PGS"
SINFO:0,31,7,0,"HDMV PGS Subtitles"
SINFO:0,31,22,0,"0"
SINFO:0,31,28,0,"eng"
SINFO:0,31,29,0,"English"
SINFO:0,31,30,0,"PGS Danish"
SINFO:0,31,31,6121,"<b>Track information</b><br>"
SINFO:0,31,33,0,"100"
SINFO:0,31,38,0,""
SINFO:0,31,42,5088,"( Lossless conversion )"
SINFO:0,32,1,6203,"Subtitles"
SINFO:0,32,3,0,"dan"
SINFO:0,32,4,0,"Danish"
SINFO:0,32,5,0,"S_HDMV/PGS"
SINFO:0,32,6,0,"PGS"
SINFO:0,32,7,0,"HDMV PGS Subtitles"
SINFO:0,32,22,0,"6144"
SINFO:0,32,28,0,"eng"
SINFO:0,32,29,0,"English"
SINFO:0,32,30,0,"PGS Danish  (forced only)"
SINFO:0,32,31,6121,"<b>Track information</b><br>"
SINFO:0,32,33,0,"100"
SINFO:0,32,38,0,""
SINFO:0,32,42,5088,"( Lossless conversion )"
SINFO:0,33,1,6203,"Subtitles"
SINFO:0,33,3,0,"fin"
SINFO:0,33,4,0,"Finnish"
SINFO:0,33,5,0,"S_HDMV/PGS"
SINFO:0,33,6,0,"PGS"
SINFO:0,33,7,0,"HDMV PGS Subtitles"
SINFO:0,33,22,0,"0"
SINFO:0,33,28,0,"eng"
SINFO:0,33,29,0,"English"
SINFO:0,33,30,0,"PGS Finnish"
SINFO:0,33,31,6121,"<b>Track information</b><br>"
SINFO:0,33,33,0,"100"
SINFO:0,33,38,0,""
SINFO:0,33,42,5088,"( Lossless conversion )"
SINFO:0,34,1,6203,"Subtitles"
SINFO:0,34,3,0,"fin"
SINFO:0,34,4,0,"Finnish"
SINFO:0,34,5,0,"S_HDMV/PGS"
SINFO:0,34,6,0,"PGS"
SINFO:0,34,7,0,"HDMV PGS Subtitles"
SINFO:0,34,22,0,"6144"
SINFO:0,34,28,0,"eng"
SINFO:0,34,29,0,"English"
SINFO:0,34,30,0,"PGS Finnish  (forced only)"
SINFO:0,34,31,6121,"<b>Track information</b><br>"
SINFO:0,34,33,0,"100"
SINFO:0,34,38,0,""
SINFO:0,34,42,5088,"( Lossless conversion )"
SINFO:0,35,1,6203,"Subtitles"
SINFO:0,35,3,0,"nld"
SINFO:0,35,4,0,"Dutch"
SINFO:0,35,5,0,"S_HDMV/PGS"
SINFO:0,35,6,0,"PGS"
SINFO:0,35,7,0,"HDMV PGS Subtitles"
SINFO:0,35,22,0,"0"
SINFO:0,35,28,0,"eng"
SINFO:0,35,29,0,"English"
SINFO:0,35,30,0,"PGS Dutch"
SINFO:0,35,31,6121,"<b>Track information</b><br>"
SINFO:0,35,33,0,"100"
SINFO:0,35,38,0,""
SINFO:0,35,42,5088,"( Lossless conversion )"
SINFO:0,36,1,6203,"Subtitles"
SINFO:0,36,3,0,"nld"
SINFO:0,36,4,0,"Dutch"
SINFO:0,36,5,0,"S_HDMV/PGS"
SINFO:0,36,6,0,"PGS"
SINFO:0,36,7,0,"HDMV PGS Subtitles"
SINFO:0,36,22,0,"6144"
SINFO:0,36,28,0,"eng"
SINFO:0,36,29,0,"English"
SINFO:0,36,30,0,"PGS Dutch  (forced only)"
SINFO:0,36,31,6121,"<b>Track information</b><br>"
SINFO:0,36,33,0,"100"
SINFO:0,36,38,0,""
SINFO:0,36,42,5088,"( Lossless conversion )"
SINFO:0,37,1,6203,"Subtitles"
SINFO:0,37,3,0,"nor"
SINFO:0,37,4,0,"Norwegian"
SINFO:0,37,5,0,"S_HDMV/PGS"
SINFO:0,37,6,0,"PGS"
SINFO:0,37,7,0,"HDMV PGS Subtitles"
SINFO:0,37,22,0,"0"
SINFO:0,37,28,0,"eng"
SINFO:0,37,29,0,"English"
SINFO:0,37,30,0,"PGS Norwegian"
SINFO:0,37,31,6121,"<b>Track information</b><br>"
SINFO:0,37,33,0,"100"
SINFO:0,37,38,0,""
SINFO:0,37,42,5088,"( Lossless conversion )"
SINFO:0,38,1,6203,"Subtitles"
SINFO:0,38,3,0,"nor"
SINFO:0,38,4,0,"Norwegian"
SINFO:0,38,5,0,"S_HDMV/PGS"
SINFO:0,38,6,0,"PGS"
SINFO:0,38,7,0,"HDMV PGS Subtitles"
SINFO:0,38,22,0,"6144"
SINFO:0,38,28,0,"eng"
SINFO:0,38,29,0,"English"
SINFO:0,38,30,0,"PGS Norwegian  (forced only)"
SINFO:0,38,31,6121,"<b>Track information</b><br>"
SINFO:0,38,33,0,"100"
SINFO:0,38,38,0,""
SINFO:0,38,42,5088,"( Lossless conversion )"
SINFO:0,39,1,6203,"Subtitles"
SINFO:0,39,3,0,"swe"
SINFO:0,39,4,0,"Swedish"
SINFO:0,39,5,0,"S_HDMV/PGS"
SINFO:0,39,6,0,"PGS"
SINFO:0,39,7,0,"HDMV PGS Subtitles"
SINFO:0,39,22,0,"0"
SINFO:0,39,28,0,"eng"
SINFO:0,39,29,0,"English"
SINFO:0,39,30,0,"PGS Swedish"
SINFO:0,39,31,6121,"<b>Track information</b><br>"
SINFO:0,39,33,0,"100"
SINFO:0,39,38,0,""
SINFO:0,39,42,5088,"( Lossless conversion )"
SINFO:0,40,1,6203,"Subtitles"
SINFO:0,40,3,0,"swe"
SINFO:0,40,4,0,"Swedish"
SINFO:0,40,5,0,"S_HDMV/PGS"
SINFO:0,40,6,0,"PGS"
SINFO:0,40,7,0,"HDMV PGS Subtitles"
SINFO:0,40,22,0,"6144"
SINFO:0,40,28,0,"eng"
SINFO:0,40,29,0,"English"
SINFO:0,40,30,0,"PGS Swedish  (forced only)"
SINFO:0,40,31,6121,"<b>Track information</b><br>"
SINFO:0,40,33,0,"100"
SINFO:0,40,38,0,""
SINFO:0,40,42,5088,"( Lossless conversion )"
SINFO:0,41,1,6203,"Subtitles"
SINFO:0,41,3,0,"eng"
SINFO:0,41,4,0,"English"
SINFO:0,41,5,0,"S_HDMV/PGS"
SINFO:0,41,6,0,"PGS"
SINFO:0,41,7,0,"HDMV PGS Subtitles"
SINFO:0,41,22,0,"0"
SINFO:0,41,28,0,"eng"
SINFO:0,41,29,0,"English"
SINFO:0,41,30,0,"PGS English"
SINFO:0,41,31,6121,"<b>Track information</b><br>"
SINFO:0,41,33,0,"90"
SINFO:0,41,38,0,""
SINFO:0,41,42,5088,"( Lossless conversion )"
SINFO:0,42,1,6203,"Subtitles"
SINFO:0,42,3,0,"eng"
SINFO:0,42,4,0,"English"
SINFO:0,42,5,0,"S_HDMV/PGS"
SINFO:0,42,6,0,"PGS"
SINFO:0,42,7,0,"HDMV PGS Subtitles"
SINFO:0,42,22,0,"6144"
SINFO:0,42,28,0,"eng"
SINFO:0,42,29,0,"English"
SINFO:0,42,30,0,"PGS English  (forced only)"
SINFO:0,42,31,6121,"<b>Track information</b><br>"
SINFO:0,42,33,0,"90"
SINFO:0,42,38,0,""
SINFO:0,42,42,5088,"( Lossless conversion )"
SINFO:0,43,1,6203,"Subtitles"
SINFO:0,43,3,0,"fra"
SINFO:0,43,4,0,"French"
SINFO:0,43,5,0,"S_HDMV/PGS"
SINFO:0,43,6,0,"PGS"
SINFO:0,43,7,0,"HDMV PGS Subtitles"
SINFO:0,43,22,0,"0"
SINFO:0,43,28,0,"eng"
SINFO:0,43,29,0,"English"
SINFO:0,43,30,0,"PGS French"
SINFO:0,43,31,6121,"<b>Track information</b><br>"
SINFO:0,43,33,0,"100"
SINFO:0,43,38,0,""
SINFO:0,43,42,5088,"( Lossless conversion )"
SINFO:0,44,1,6203,"Subtitles"
SINFO:0,44,3,0,"fra"
SINFO:0,44,4,0,"French"
SINFO:0,44,5,0,"S_HDMV/PGS"
SINFO:0,44,6,0,"PGS"
SINFO:0,44,7,0,"HDMV PGS Subtitles"
SINFO:0,44,22,0,"6144"
SINFO:0,44,28,0,"eng"
SINFO:0,44,29,0,"English"
SINFO:0,44,30,0,"PGS French  (forced only)"
SINFO:0,44,31,6121,"<b>Track information</b><br>"
SINFO:0,44,33,0,"100"
SINFO:0,44,38,0,""
SINFO:0,44,42,5088,"( Lossless conversion )"
SINFO:0,45,1,6203,"Subtitles"
SINFO:0,45,3,0,"dan"
SINFO:0,45,4,0,"Danish"
SINFO:0,45,5,0,"S_HDMV/PGS"
SINFO:0,45,6,0,"PGS"
SINFO:0,45,7,0,"HDMV PGS Subtitles"
SINFO:0,45,22,0,"0"
SINFO:0,45,28,0,"eng"
SINFO:0,45,29,0,"English"
SINFO:0,45,30,0,"PGS Danish"
SINFO:0,45,31,6121,"<b>Track information</b><br>"
SINFO:0,45,33,0,"100"
SINFO:0,45,38,0,""
SINFO:0,45,42,5088,"( Lossless conversion )"
SINFO:0,46,1,6203,"Subtitles"
SINFO:0,46,3,0,"dan"
SINFO:0,46,4,0,"Danish"
SINFO:0,46,5,0,"S_HDMV/PGS"
SINFO:0,46,6,0,"PGS"
SINFO:0,46,7,0,"HDMV PGS Subtitles"
SINFO:0,46,22,0,"6144"
SINFO:0,46,28,0,"eng"
SINFO:0,46,29,0,"English"
SINFO:0,46,30,0,"PGS Danish  (forced only)"
SINFO:0,46,31,6121,"<b>Track information</b><br>"
SINFO:0,46,33,0,"100"
SINFO:0,46,38,0,""
SINFO:0,46,42,5088,"( Lossless conversion )"
SINFO:0,47,1,6203,"Subtitles"
SINFO:0,47,3,0,"fin"
SINFO:0,47,4,0,"Finnish"
SINFO:0,47,5,0,"S_HDMV/PGS"
SINFO:0,47,6,0,"PGS"
SINFO:0,47,7,0,"HDMV PGS Subtitles"
SINFO:0,47,22,0,"0"
SINFO:0,47,28,0,"eng"
SINFO:0,47,29,0,"English"
SINFO:0,47,30,0,"PGS Finnish"
SINFO:0,47,31,6121,"<b>Track information</b><br>"
SINFO:0,47,33,0,"100"
SINFO:0,47,38,0,""
SINFO:0,47,42,5088,"( Lossless conversion )"
SINFO:0,48,1,6203,"Subtitles"
SINFO:0,48,3,0,"fin"
SINFO:0,48,4,0,"Finnish"
SINFO:0,48,5,0,"S_HDMV/PGS"
SINFO:0,48,6,0,"PGS"
SINFO:0,48,7,0,"HDMV PGS Subtitles"
SINFO:0,48,22,0,"6144"
SINFO:0,48,28,0,"eng"
SINFO:0,48,29,0,"English"
SINFO:0,48,30,0,"PGS Finnish  (forced only)"
SINFO:0,48,31,6121,"<b>Track information</b><br>"
SINFO:0,48,33,0,"100"
SINFO:0,48,38,0,""
SINFO:0,48,42,5088,"( Lossless conversion )"
SINFO:0,49,1,6203,"Subtitles"
SINFO:0,49,3,0,"nld"
SINFO:0,49,4,0,"Dutch"
SINFO:0,49,5,0,"S_HDMV/PGS"
SINFO:0,49,6,0,"PGS"
SINFO:0,49,7,0,"HDMV PGS Subtitles"
SINFO:0,49,22,0,"0"
SINFO:0,49,28,0,"eng"
SINFO:0,49,29,0,"English"
SINFO:0,49,30,0,"PGS Dutch"
SINFO:0,49,31,6121,"<b>Track information</b><br>"
SINFO:0,49,33,0,"100"
SINFO:0,49,38,0,""
SINFO:0,49,42,5088,"( Lossless conversion )"
SINFO:0,50,1,6203,"Subtitles"
SINFO:0,50,3,0,"nld"
SINFO:0,50,4,0,"Dutch"
SINFO:0,50,5,0,"S_HDMV/PGS"
SINFO:0,50,6,0,"PGS"
SINFO:0,50,7,0,"HDMV PGS Subtitles"
SINFO:0,50,22,0,"6144"
SINFO:0,50,28,0,"eng"
SINFO:0,50,29,0,"English"
SINFO:0,50,30,0,"PGS Dutch  (forced only)"
SINFO:0,50,31,6121,"<b>Track information</b><br>"
SINFO:0,50,33,0,"100"
SINFO:0,50,38,0,""
SINFO:0,50,42,5088,"( Lossless conversion )"
SINFO:0,51,1,6203,"Subtitles"
SINFO:0,51,3,0,"nor"
SINFO:0,51,4,0,"Norwegian"
SINFO:0,51,5,0,"S_HDMV/PGS"
SINFO:0,51,6,0,"PGS"
SINFO:0,51,7,0,"HDMV PGS Subtitles"
SINFO:0,51,22,0,"0"
SINFO:0,51,28,0,"eng"
SINFO:0,51,29,0,"English"
SINFO:0,51,30,0,"PGS Norwegian"
SINFO:0,51,31,6121,"<b>Track information</b><br>"
SINFO:0,51,33,0,"100"
SINFO:0,51,38,0,""
SINFO:0,51,42,5088,"( Lossless conversion )"
SINFO:0,52,1,6203,"Subtitles"
SINFO:0,52,3,0,"nor"
SINFO:0,52,4,0,"Norwegian"
SINFO:0,52,5,0,"S_HDMV/PGS"
SINFO:0,52,6,0,"PGS"
SINFO:0,52,7,0,"HDMV PGS Subtitles"
SINFO:0,52,22,0,"6144"
SINFO:0,52,28,0,"eng"
SINFO:0,52,29,0,"English"
SINFO:0,52,30,0,"PGS Norwegian  (forced only)"
SINFO:0,52,31,6121,"<b>Track information</b><br>"
SINFO:0,52,33,0,"100"
SINFO:0,52,38,0,""
SINFO:0,52,42,5088,"( Lossless conversion )"
SINFO:0,53,1,6203,"Subtitles"
SINFO:0,53,3,0,"swe"
SINFO:0,53,4,0,"Swedish"
SINFO:0,53,5,0,"S_HDMV/PGS"
SINFO:0,53,6,0,"PGS"
SINFO:0,53,7,0,"HDMV PGS Subtitles"
SINFO:0,53,22,0,"0"
SINFO:0,53,28,0,"eng"
SINFO:0,53,29,0,"English"
SINFO:0,53,30,0,"PGS Swedish"
SINFO:0,53,31,6121,"<b>Track information</b><br>"
SINFO:0,53,33,0,"100"
SINFO:0,53,38,0,""
SINFO:0,53,42,5088,"( Lossless conversion )"
SINFO:0,54,1,6203,"Subtitles"
SINFO:0,54,3,0,"swe"
SINFO:0,54,4,0,"Swedish"
SINFO:0,54,5,0,"S_HDMV/PGS"
SINFO:0,54,6,0,"PGS"
SINFO:0,54,7,0,"HDMV PGS Subtitles"
SINFO:0,54,22,0,"6144"
SINFO:0,54,28,0,"eng"
SINFO:0,54,29,0,"English"
SINFO:0,54,30,0,"PGS Swedish  (forced only)"
SINFO:0,54,31,6121,"<b>Track information</b><br>"
SINFO:0,54,33,0,"100"
SINFO:0,54,38,0,""
SINFO:0,54,42,5088,"( Lossless conversion )"
SINFO:0,55,1,6203,"Subtitles"
SINFO:0,55,3,0,"eng"
SINFO:0,55,4,0,"English"
SINFO:0,55,5,0,"S_HDMV/PGS"
SINFO:0,55,6,0,"PGS"
SINFO:0,55,7,0,"HDMV PGS Subtitles"
SINFO:0,55,22,0,"0"
SINFO:0,55,28,0,"eng"
SINFO:0,55,29,0,"English"
SINFO:0,55,30,0,"PGS English"
SINFO:0,55,31,6121,"<b>Track information</b><br>"
SINFO:0,55,33,0,"90"
SINFO:0,55,38,0,""
SINFO:0,55,42,5088,"( Lossless conversion )"
SINFO:0,56,1,6203,"Subtitles"
SINFO:0,56,3,0,"eng"
SINFO:0,56,4,0,"English"
SINFO:0,56,5,0,"S_HDMV/PGS"
SINFO:0,56,6,0,"PGS"
SINFO:0,56,7,0,"HDMV PGS Subtitles"
SINFO:0,56,22,0,"6144"
SINFO:0,56,28,0,"eng"
SINFO:0,56,29,0,"English"
SINFO:0,56,30,0,"PGS English  (forced only)"
SINFO:0,56,31,6121,"<b>Track information</b><br>"
SINFO:0,56,33,0,"90"
SINFO:0,56,38,0,""
SINFO:0,56,42,5088,"( Lossless conversion )"
SINFO:0,57,1,6203,"Subtitles"
SINFO:0,57,3,0,"eng"
SINFO:0,57,4,0,"English"
SINFO:0,57,5,0,"S_HDMV/PGS"
SINFO:0,57,6,0,"PGS"
SINFO:0,57,7,0,"HDMV PGS Subtitles"
SINFO:0,57,22,0,"0"
SINFO:0,57,28,0,"eng"
SINFO:0,57,29,0,"English"
SINFO:0,57,30,0,"PGS English"
SINFO:0,57,31,6121,"<b>Track information</b><br>"
SINFO:0,57,33,0,"90"
SINFO:0,57,38,0,""
SINFO:0,57,42,5088,"( Lossless conversion )"
SINFO:0,58,1,6203,"Subtitles"
SINFO:0,58,3,0,"eng"
SINFO:0,58,4,0,"English"
SINFO:0,58,5,0,"S_HDMV/PGS"
SINFO:0,58,6,0,"PGS"
SINFO:0,58,7,0,"HDMV PGS Subtitles"
SINFO:0,58,22,0,"6144"
SINFO:0,58,28,0,"eng"
SINFO:0,58,29,0,"English"
SINFO:0,58,30,0,"PGS English  (forced only)"
SINFO:0,58,31,6121,"<b>Track information</b><br>"
SINFO:0,58,33,0,"90"
SINFO:0,58,38,0,""
SINFO:0,58,42,5088,"( Lossless conversion )"
SINFO:0,59,1,6203,"Subtitles"
SINFO:0,59,3,0,"fra"
SINFO:0,59,4,0,"French"
SINFO:0,59,5,0,"S_HDMV/PGS"
SINFO:0,59,6,0,"PGS"
SINFO:0,59,7,0,"HDMV PGS Subtitles"
SINFO:0,59,22,0,"0"
SINFO:0,59,28,0,"eng"
SINFO:0,59,29,0,"English"
SINFO:0,59,30,0,"PGS French"
SINFO:0,59,31,6121,"<b>Track information</b><br>"
SINFO:0,59,33,0,"100"
SINFO:0,59,38,0,""
SINFO:0,59,42,5088,"( Lossless conversion )"
SINFO:0,60,1,6203,"Subtitles"
SINFO:0,60,3,0,"fra"
SINFO:0,60,4,0,"French"
SINFO:0,60,5,0,"S_HDMV/PGS"
SINFO:0,60,6,0,"PGS"
SINFO:0,60,7,0,"HDMV PGS Subtitles"
SINFO:0,60,22,0,"6144"
SINFO:0,60,28,0,"eng"
SINFO:0,60,29,0,"English"
SINFO:0,60,30,0,"PGS French  (forced only)"
SINFO:0,60,31,6121,"<b>Track information</b><br>"
SINFO:0,60,33,0,"100"
SINFO:0,60,38,0,""
SINFO:0,60,42,5088,"( Lossless conversion )"
SINFO:0,61,1,6203,"Subtitles"
SINFO:0,61,3,0,"spa"
SINFO:0,61,4,0,"Spanish"
SINFO:0,61,5,0,"S_HDMV/PGS"
SINFO:0,61,6,0,"PGS"
SINFO:0,61,7,0,"HDMV PGS Subtitles"
SINFO:0,61,22,0,"0"
SINFO:0,61,28,0,"eng"
SINFO:0,61,29,0,"English"
SINFO:0,61,30,0,"PGS Spanish"
SINFO:0,61,31,6121,"<b>Track information</b><br>"
SINFO:0,61,33,0,"100"
SINFO:0,61,38,0,""
SINFO:0,61,42,5088,"( Lossless conversion )"
SINFO:0,62,1,6203,"Subtitles"
SINFO:0,62,3,0,"spa"
SINFO:0,62,4,0,"Spanish"
SINFO:0,62,5,0,"S_HDMV/PGS"
SINFO:0,62,6,0,"PGS"
SINFO:0,62,7,0,"HDMV PGS Subtitles"
SINFO:0,62,22,0,"6144"
SINFO:0,62,28,0,"eng"
SINFO:0,62,29,0,"English"
SINFO:0,62,30,0,"PGS Spanish  (forced only)"
SINFO:0,62,31,6121,"<b>Track information</b><br>"
SINFO:0,62,33,0,"100"
SINFO:0,62,38,0,""
SINFO:0,62,42,5088,"( Lossless conversion )"
SINFO:0,63,1,6203,"Subtitles"
SINFO:0,63,3,0,"nld"
SINFO:0,63,4,0,"Dutch"
SINFO:0,63,5,0,"S_HDMV/PGS"
SINFO:0,63,6,0,"PGS"
SINFO:0,63,7,0,"HDMV PGS Subtitles"
SINFO:0,63,22,0,"0"
SINFO:0,63,28,0,"eng"
SINFO:0,63,29,0,"English"
SINFO:0,63,30,0,"PGS Dutch"
SINFO:0,63,31,6121,"<b>Track information</b><br>"
SINFO:0,63,33,0,"100"
SINFO:0,63,38,0,""
SINFO:0,63,42,5088,"( Lossless conversion )"
SINFO:0,64,1,6203,"Subtitles"
SINFO:0,64,3,0,"nld"
SINFO:0,64,4,0,"Dutch"
SINFO:0,64,5,0,"S_HDMV/PGS"
SINFO:0,64,6,0,"PGS"
SINFO:0,64,7,0,"HDMV PGS Subtitles"
SINFO:0,64,22,0,"6144"
SINFO:0,64,28,0,"eng"
SINFO:0,64,29,0,"English"
SINFO:0,64,30,0,"PGS Dutch  (forced only)"
SINFO:0,64,31,6121,"<b>Track information</b><br>"
SINFO:0,64,33,0,"100"
SINFO:0,64,38,0,""
SINFO:0,64,42,5088,"( Lossless conversion )"
SINFO:0,65,1,6203,"Subtitles"
SINFO:0,65,3,0,"eng"
SINFO:0,65,4,0,"English"
SINFO:0,65,5,0,"S_HDMV/PGS"
SINFO:0,65,6,0,"PGS"
SINFO:0,65,7,0,"HDMV PGS Subtitles"
SINFO:0,65,22,0,"0"
SINFO:0,65,28,0,"eng"
SINFO:0,65,29,0,"English"
SINFO:0,65,30,0,"PGS English"
SINFO:0,65,31,6121,"<b>Track information</b><br>"
SINFO:0,65,33,0,"90"
SINFO:0,65,38,0,""
SINFO:0,65,42,5088,"( Lossless conversion )"
SINFO:0,66,1,6203,"Subtitles"
SINFO:0,66,3,0,"eng"
SINFO:0,66,4,0,"English"
SINFO:0,66,5,0,"S_HDMV/PGS"
SINFO:0,66,6,0,"PGS"
SINFO:0,66,7,0,"HDMV PGS Subtitles"
SINFO:0,66,22,0,"6144"
SINFO:0,66,28,0,"eng"
SINFO:0,66,29,0,"English"
SINFO:0,66,30,0,"PGS English  (forced only)"
SINFO:0,66,31,6121,"<b>Track information</b><br>"
SINFO:0,66,33,0,"90"
SINFO:0,66,38,0,""
SINFO:0,66,42,5088,"( Lossless conversion )"
SINFO:0,67,1,6203,"Subtitles"
SINFO:0,67,3,0,"nld"
SINFO:0,67,4,0,"Dutch"
SINFO:0,67,5,0,"S_HDMV/PGS"
SINFO:0,67,6,0,"PGS"
SINFO:0,67,7,0,"HDMV PGS Subtitles"
SINFO:0,67,22,0,"0"
SINFO:0,67,28,0,"eng"
SINFO:0,67,29,0,"English"
SINFO:0,67,30,0,"PGS Dutch"
SINFO:0,67,31,6121,"<b>Track information</b><br>"
SINFO:0,67,33,0,"100"
SINFO:0,67,38,0,""
SINFO:0,67,42,5088,"( Lossless conversion )"
SINFO:0,68,1,6203,"Subtitles"
SINFO:0,68,3,0,"nld"
SINFO:0,68,4,0,"Dutch"
SINFO:0,68,5,0,"S_HDMV/PGS"
SINFO:0,68,6,0,"PGS"
SINFO:0,68,7,0,"HDMV PGS Subtitles"
SINFO:0,68,22,0,"6144"
SINFO:0,68,28,0,"eng"
SINFO:0,68,29,0,"English"
SINFO:0,68,30,0,"PGS Dutch  (forced only)"
SINFO:0,68,31,6121,"<b>Track information</b><br>"
SINFO:0,68,33,0,"100"
SINFO:0,68,38,0,""
SINFO:0,68,42,5088,"( Lossless conversion )"
TINFO:1,2,0,"The Sound of Music"
TINFO:1,9,0,"0:02:35"
TINFO:1,10,0,"200.2 MB"
TINFO:1,11,0,"209971200"
TINFO:1,16,0,"00318.m2ts"
TINFO:1,25,0,"1"
TINFO:1,26,0,"318"
TINFO:1,27,0,"The Sound of Music_t01.mkv"
TINFO:1,28,0,"eng"
TINFO:1,29,0,"English"
TINFO:1,30,0,"The Sound of Music , 200.2 MB"
TINFO:1,31,6120,"<b>Title information</b><br>"
TINFO:1,33,0,"0"
SINFO:1,0,1,6201,"Video"
SINFO:1,0,5,0,"V_MPEG4/ISO/AVC"
SINFO:1,0,6,0,"Mpeg4"
SINFO:1,0,7,0,"Mpeg4 AVC High@L4.1"
SINFO:1,0,19,0,"1920x1080"
SINFO:1,0,20,0,"16:9"
SINFO:1,0,21,0,"29.97 (30000/1001)"
SINFO:1,0,22,0,"0"
SINFO:1,0,28,0,"eng"
SINFO:1,0,29,0,"English"
SINFO:1,0,30,0,"Mpeg4"
SINFO:1,0,31,6121,"<b>Track information</b><br>"
SINFO:1,0,33,0,"0"
SINFO:1,0,38,0,""
SINFO:1,0,42,5088,"( Lossless conversion )"
SINFO:1,1,1,6202,"Audio"
SINFO:1,1,2,5091,"Stereo"
SINFO:1,1,3,0,"eng"
SINFO:1,1,4,0,"English"
SINFO:1,1,5,0,"A_AC3"
SINFO:1,1,6,0,"DD"
SINFO:1,1,7,0,"Dolby Digital"
SINFO:1,1,13,0,"224 Kb/s"
SINFO:1,1,14,0,"2"
SINFO:1,1,17,0,"48000"
SINFO:1,1,22,0,"0"
SINFO:1,1,28,0,"eng"
SINFO:1,1,29,0,"English"
SINFO:1,1,30,0,"DD Stereo English"
SINFO:1,1,31,6121,"<b>Track information</b><br>"
SINFO:1,1,33,0,"90"
SINFO:1,1,38,0,"d"
SINFO:1,1,39,0,"Default"
SINFO:1,1,40,0,"stereo"
SINFO:1,1,42,5088,"( Lossless conversion )"
TINFO:2,2,0,"The Sound of Music"
TINFO:2,9,0,"2:54:41"
TINFO:2,10,0,"42.1 GB"
TINFO:2,11,0,"45278035968"
TINFO:2,16,0,"00360.m2ts"
TINFO:2,25,0,"1"
TINFO:2,26,0,"360"
TINFO:2,27,0,"The Sound of Music_t02.mkv"
TINFO:2,28,0,"eng"
TINFO:2,29,0,"English"
TINFO:2,30,0,"The Sound of Music , 42.1 GB"
TINFO:2,31,6120,"<b>Title information</b><br>"
TINFO:2,33,0,"0"
SINFO:2,0,1,6201,"Video"
SINFO:2,0,5,0,"V_MPEG4/ISO/AVC"
SINFO:2,0,6,0,"Mpeg4"
SINFO:2,0,7,0,"Mpeg4 AVC High@L4.1"
SINFO:2,0,19,0,"1920x1080"
SINFO:2,0,20,0,"16:9"
SINFO:2,0,21,0,"23.976 (24000/1001)"
SINFO:2,0,22,0,"0"
SINFO:2,0,28,0,"eng"
SINFO:2,0,29,0,"English"
SINFO:2,0,30,0,"Mpeg4"
SINFO:2,0,31,6121,"<b>Track information</b><br>"
SINFO:2,0,33,0,"0"
SINFO:2,0,38,0,""
SINFO:2,0,42,5088,"( Lossless conversion )"
SINFO:2,1,1,6202,"Audio"
SINFO:2,1,2,0,"Surround 7.1"
SINFO:2,1,3,0,"eng"
SINFO:2,1,4,0,"English"
SINFO:2,1,5,0,"A_DTS"
SINFO:2,1,6,0,"DTS-HD MA"
SINFO:2,1,7,0,"DTS-HD Master Audio"
SINFO:2,1,14,0,"8"
SINFO:2,1,17,0,"48000"
SINFO:2,1,18,0,"24"
SINFO:2,1,22,0,"1024"
SINFO:2,1,28,0,"eng"
SINFO:2,1,29,0,"English"
SINFO:2,1,30,0,"DTS-HD MA Surround 7.1 English"
SINFO:2,1,31,6121,"<b>Track information</b><br>"
SINFO:2,1,33,0,"90"
SINFO:2,1,38,0,"d"
SINFO:2,1,39,0,"Default"
SINFO:2,1,40,0,"7.1"
SINFO:2,1,42,5088,"( Lossless conversion )"
SINFO:2,2,1,6202,"Audio"
SINFO:2,2,2,0,"Surround 5.1"
SINFO:2,2,3,0,"eng"
SINFO:2,2,4,0,"English"
SINFO:2,2,5,0,"A_DTS"
SINFO:2,2,6,0,"DTS"
SINFO:2,2,7,0,"DTS"
SINFO:2,2,13,0,"1.5 Mb/s"
SINFO:2,2,14,0,"6"
SINFO:2,2,17,0,"48000"
SINFO:2,2,22,0,"2304"
SINFO:2,2,28,0,"eng"
SINFO:2,2,29,0,"English"
SINFO:2,2,30,0,"DTS Surround 5.1 English"
SINFO:2,2,31,6121,"<b>Track information</b><br>"
SINFO:2,2,33,0,"90"
SINFO:2,2,38,0,""
SINFO:2,2,40,0,"5.1(side)"
SINFO:2,2,42,5088,"( Lossless conversion )"
SINFO:2,3,1,6202,"Audio"
SINFO:2,3,2,0,"Surround 4.0"
SINFO:2,3,3,0,"eng"
SINFO:2,3,4,0,"English"
SINFO:2,3,5,0,"A_AC3"
SINFO:2,3,6,0,"DD"
SINFO:2,3,7,0,"Dolby Digital"
SINFO:2,3,13,0,"448 Kb/s"
SINFO:2,3,14,0,"4"
SINFO:2,3,17,0,"48000"
SINFO:2,3,22,0,"0"
SINFO:2,3,28,0,"eng"
SINFO:2,3,29,0,"English"
SINFO:2,3,30,0,"DD Surround 4.0 English"
SINFO:2,3,31,6121,"<b>Track information</b><br>"
SINFO:2,3,33,0,"90"
SINFO:2,3,38,0,""
SINFO:2,3,40,0,"4.0"
SINFO:2,3,42,5088,"( Lossless conversion )"
SINFO:2,4,1,6202,"Audio"
SINFO:2,4,2,0,"Surround 5.1"
SINFO:2,4,3,0,"por"
SINFO:2,4,4,0,"Portuguese"
SINFO:2,4,5,0,"A_AC3"
SINFO:2,4,6,0,"DD"
SINFO:2,4,7,0,"Dolby Digital"
SINFO:2,4,13,0,"448 Kb/s"
SINFO:2,4,14,0,"6"
SINFO:2,4,17,0,"48000"
SINFO:2,4,22,0,"0"
SINFO:2,4,28,0,"eng"
SINFO:2,4,29,0,"English"
SINFO:2,4,30,0,"DD Surround 5.1 Portuguese"
SINFO:2,4,31,6121,"<b>Track information</b><br>"
SINFO:2,4,33,0,"100"
SINFO:2,4,38,0,""
SINFO:2,4,40,0,"5.1(side)"
SINFO:2,4,42,5088,"( Lossless conversion )"
SINFO:2,5,1,6202,"Audio"
SINFO:2,5,2,0,"Surround 5.1"
SINFO:2,5,3,0,"fra"
SINFO:2,5,4,0,"French"
SINFO:2,5,5,0,"A_DTS"
SINFO:2,5,6,0,"DTS"
SINFO:2,5,7,0,"DTS"
SINFO:2,5,13,0,"768 Kb/s"
SINFO:2,5,14,0,"6"
SINFO:2,5,17,0,"48000"
SINFO:2,5,22,0,"0"
SINFO:2,5,28,0,"eng"
SINFO:2,5,29,0,"English"
SINFO:2,5,30,0,"DTS Surround 5.1 French"
SINFO:2,5,31,6121,"<b>Track information</b><br>"
SINFO:2,5,33,0,"100"
SINFO:2,5,38,0,""
SINFO:2,5,40,0,"5.1(side)"
SINFO:2,5,42,5088,"( Lossless conversion )"
SINFO:2,6,1,6202,"Audio"
SINFO:2,6,2,0,"Surround 5.1"
SINFO:2,6,3,0,"spa"
SINFO:2,6,4,0,"Spanish"
SINFO:2,6,5,0,"A_AC3"
SINFO:2,6,6,0,"DD"
SINFO:2,6,7,0,"Dolby Digital"
SINFO:2,6,13,0,"448 Kb/s"
SINFO:2,6,14,0,"6"
SINFO:2,6,17,0,"48000"
SINFO:2,6,22,0,"0"
SINFO:2,6,28,0,"eng"
SINFO:2,6,29,0,"English"
SINFO:2,6,30,0,"DD Surround 5.1 Spanish"
SINFO:2,6,31,6121,"<b>Track information</b><br>"
SINFO:2,6,33,0,"100"
SINFO:2,6,38,0,""
SINFO:2,6,40,0,"5.1(side)"
SINFO:2,6,42,5088,"( Lossless conversion )"
SINFO:2,7,1,6202,"Audio"
SINFO:2,7,2,5091,"Stereo"
SINFO:2,7,3,0,"eng"
SINFO:2,7,4,0,"English"
SINFO:2,7,5,0,"A_AC3"
SINFO:2,7,6,0,"DD"
SINFO:2,7,7,0,"Dolby Digital"
SINFO:2,7,13,0,"224 Kb/s"
SINFO:2,7,14,0,"2"
SINFO:2,7,17,0,"48000"
SINFO:2,7,22,0,"0"
SINFO:2,7,28,0,"eng"
SINFO:2,7,29,0,"English"
SINFO:2,7,30,0,"DD Stereo English"
SINFO:2,7,31,6121,"<b>Track information</b><br>"
SINFO:2,7,33,0,"90"
SINFO:2,7,38,0,""
SINFO:2,7,40,0,"stereo"
SINFO:2,7,42,5088,"( Lossless conversion )"
SINFO:2,8,1,6202,"Audio"
SINFO:2,8,2,5091,"Stereo"
SINFO:2,8,3,0,"eng"
SINFO:2,8,4,0,"English"
SINFO:2,8,5,0,"A_AC3"
SINFO:2,8,6,0,"DD"
SINFO:2,8,7,0,"Dolby Digital"
SINFO:2,8,13,0,"224 Kb/s"
SINFO:2,8,14,0,"2"
SINFO:2,8,17,0,"48000"
SINFO:2,8,22,0,"0"
SINFO:2,8,28,0,"eng"
SINFO:2,8,29,0,"English"
SINFO:2,8,30,0,"DD Stereo English"
SINFO:2,8,31,6121,"<b>Track information</b><br>"
SINFO:2,8,33,0,"90"
SINFO:2,8,38,0,""
SINFO:2,8,40,0,"stereo"
SINFO:2,8,42,5088,"( Lossless conversion )"
SINFO:2,9,1,6203,"Subtitles"
SINFO:2,9,3,0,"eng"
SINFO:2,9,4,0,"English"
SINFO:2,9,5,0,"S_HDMV/PGS"
SINFO:2,9,6,0,"PGS"
SINFO:2,9,7,0,"HDMV PGS Subtitles"
SINFO:2,9,22,0,"0"
SINFO:2,9,28,0,"eng"
SINFO:2,9,29,0,"English"
SINFO:2,9,30,0,"PGS English"
SINFO:2,9,31,6121,"<b>Track information</b><br>"
SINFO:2,9,33,0,"90"
SINFO:2,9,38,0,""
SINFO:2,9,42,5088,"( Lossless conversion )"
SINFO:2,10,1,6203,"Subtitles"
SINFO:2,10,3,0,"eng"
SINFO:2,10,4,0,"English"
SINFO:2,10,5,0,"S_HDMV/PGS"
SINFO:2,10,6,0,"PGS"
SINFO:2,10,7,0,"HDMV PGS Subtitles"
SINFO:2,10,22,0,"6144"
SINFO:2,10,28,0,"eng"
SINFO:2,10,29,0,"English"
SINFO:2,10,30,0,"PGS English  (forced only)"
SINFO:2,10,31,6121,"<b>Track information</b><br>"
SINFO:2,10,33,0,"90"
SINFO:2,10,38,0,"d"
SINFO:2,10,39,0,"Default"
SINFO:2,10,42,5088,"( Lossless conversion )"
SINFO:2,11,1,6203,"Subtitles"
SINFO:2,11,3,0,"fra"
SINFO:2,11,4,0,"French"
SINFO:2,11,5,0,"S_HDMV/PGS"
SINFO:2,11,6,0,"PGS"
SINFO:2,11,7,0,"HDMV PGS Subtitles"
SINFO:2,11,22,0,"0"
SINFO:2,11,28,0,"eng"
SINFO:2,11,29,0,"English"
SINFO:2,11,30,0,"PGS French"
SINFO:2,11,31,6121,"<b>Track information</b><br>"
SINFO:2,11,33,0,"100"
SINFO:2,11,38,0,""
SINFO:2,11,42,5088,"( Lossless conversion )"
SINFO:2,12,1,6203,"Subtitles"
SINFO:2,12,3,0,"fra"
SINFO:2,12,4,0,"French"
SINFO:2,12,5,0,"S_HDMV/PGS"
SINFO:2,12,6,0,"PGS"
SINFO:2,12,7,0,"HDMV PGS Subtitles"
SINFO:2,12,22,0,"6144"
SINFO:2,12,28,0,"eng"
SINFO:2,12,29,0,"English"
SINFO:2,12,30,0,"PGS French  (forced only)"
SINFO:2,12,31,6121,"<b>Track information</b><br>"
SINFO:2,12,33,0,"100"
SINFO:2,12,38,0,""
SINFO:2,12,42,5088,"( Lossless conversion )"
SINFO:2,13,1,6203,"Subtitles"
SINFO:2,13,3,0,"por"
SINFO:2,13,4,0,"Portuguese"
SINFO:2,13,5,0,"S_HDMV/PGS"
SINFO:2,13,6,0,"PGS"
SINFO:2,13,7,0,"HDMV PGS Subtitles"
SINFO:2,13,22,0,"0"
SINFO:2,13,28,0,"eng"
SINFO:2,13,29,0,"English"
SINFO:2,13,30,0,"PGS Portuguese"
SINFO:2,13,31,6121,"<b>Track information</b><br>"
SINFO:2,13,33,0,"100"
SINFO:2,13,38,0,""
SINFO:2,13,42,5088,"( Lossless conversion )"
SINFO:2,14,1,6203,"Subtitles"
SINFO:2,14,3,0,"por"
SINFO:2,14,4,0,"Portuguese"
SINFO:2,14,5,0,"S_HDMV/PGS"
SINFO:2,14,6,0,"PGS"
SINFO:2,14,7,0,"HDMV PGS Subtitles"
SINFO:2,14,22,0,"6144"
SINFO:2,14,28,0,"eng"
SINFO:2,14,29,0,"English"
SINFO:2,14,30,0,"PGS Portuguese  (forced only)"
SINFO:2,14,31,6121,"<b>Track information</b><br>"
SINFO:2,14,33,0,"100"
SINFO:2,14,38,0,""
SINFO:2,14,42,5088,"( Lossless conversion )"
SINFO:2,15,1,6203,"Subtitles"
SINFO:2,15,3,0,"dan"
SINFO:2,15,4,0,"Danish"
SINFO:2,15,5,0,"S_HDMV/PGS"
SINFO:2,15,6,0,"PGS"
SINFO:2,15,7,0,"HDMV PGS Subtitles"
SINFO:2,15,22,0,"0"
SINFO:2,15,28,0,"eng"
SINFO:2,15,29,0,"English"
SINFO:2,15,30,0,"PGS Danish"
SINFO:2,15,31,6121,"<b>Track information</b><br>"
SINFO:2,15,33,0,"100"
SINFO:2,15,38,0,""
SINFO:2,15,42,5088,"( Lossless conversion )"
SINFO:2,16,1,6203,"Subtitles"
SINFO:2,16,3,0,"dan"
SINFO:2,16,4,0,"Danish"
SINFO:2,16,5,0,"S_HDMV/PGS"
SINFO:2,16,6,0,"PGS"
SINFO:2,16,7,0,"HDMV PGS Subtitles"
SINFO:2,16,22,0,"6144"
SINFO:2,16,28,0,"eng"
SINFO:2,16,29,0,"English"
SINFO:2,16,30,0,"PGS Danish  (forced only)"
SINFO:2,16,31,6121,"<b>Track information</b><br>"
SINFO:2,16,33,0,"100"
SINFO:2,16,38,0,""
SINFO:2,16,42,5088,"( Lossless conversion )"
SINFO:2,17,1,6203,"Subtitles"
SINFO:2,17,3,0,"fin"
SINFO:2,17,4,0,"Finnish"
SINFO:2,17,5,0,"S_HDMV/PGS"
SINFO:2,17,6,0,"PGS"
SINFO:2,17,7,0,"HDMV PGS Subtitles"
SINFO:2,17,22,0,"0"
SINFO:2,17,28,0,"eng"
SINFO:2,17,29,0,"English"
SINFO:2,17,30,0,"PGS Finnish"
SINFO:2,17,31,6121,"<b>Track information</b><br>"
SINFO:2,17,33,0,"100"
SINFO:2,17,38,0,""
SINFO:2,17,42,5088,"( Lossless conversion )"
SINFO:2,18,1,6203,"Subtitles"
SINFO:2,18,3,0,"fin"
SINFO:2,18,4,0,"Finnish"
SINFO:2,18,5,0,"S_HDMV/PGS"
SINFO:2,18,6,0,"PGS"
SINFO:2,18,7,0,"HDMV PGS Subtitles"
SINFO:2,18,22,0,"6144"
SINFO:2,18,28,0,"eng"
SINFO:2,18,29,0,"English"
SINFO:2,18,30,0,"PGS Finnish  (forced only)"
SINFO:2,18,31,6121,"<b>Track information</b><br>"
SINFO:2,18,33,0,"100"
SINFO:2,18,38,0,""
SINFO:2,18,42,5088,"( Lossless conversion )"
SINFO:2,19,1,6203,"Subtitles"
SINFO:2,19,3,0,"spa"
SINFO:2,19,4,0,"Spanish"
SINFO:2,19,5,0,"S_HDMV/PGS"
SINFO:2,19,6,0,"PGS"
SINFO:2,19,7,0,"HDMV PGS Subtitles"
SINFO:2,19,22,0,"0"
SINFO:2,19,28,0,"eng"
SINFO:2,19,29,0,"English"
SINFO:2,19,30,0,"PGS Spanish"
SINFO:2,19,31,6121,"<b>Track information</b><br>"
SINFO:2,19,33,0,"100"
SINFO:2,19,38,0,""
SINFO:2,19,42,5088,"( Lossless conversion )"
SINFO:2,20,1,6203,"Subtitles"
SINFO:2,20,3,0,"spa"
SINFO:2,20,4,0,"Spanish"
SINFO:2,20,5,0,"S_HDMV/PGS"
SINFO:2,20,6,0,"PGS"
SINFO:2,20,7,0,"HDMV PGS Subtitles"
SINFO:2,20,22,0,"6144"
SINFO:2,20,28,0,"eng"
SINFO:2,20,29,0,"English"
SINFO:2,20,30,0,"PGS Spanish  (forced only)"
SINFO:2,20,31,6121,"<b>Track information</b><br>"
SINFO:2,20,33,0,"100"
SINFO:2,20,38,0,""
SINFO:2,20,42,5088,"( Lossless conversion )"
SINFO:2,21,1,6203,"Subtitles"
SINFO:2,21,3,0,"nld"
SINFO:2,21,4,0,"Dutch"
SINFO:2,21,5,0,"S_HDMV/PGS"
SINFO:2,21,6,0,"PGS"
SINFO:2,21,7,0,"HDMV PGS Subtitles"
SINFO:2,21,22,0,"0"
SINFO:2,21,28,0,"eng"
SINFO:2,21,29,0,"English"
SINFO:2,21,30,0,"PGS Dutch"
SINFO:2,21,31,6121,"<b>Track information</b><br>"
SINFO:2,21,33,0,"100"
SINFO:2,21,38,0,""
SINFO:2,21,42,5088,"( Lossless conversion )"
SINFO:2,22,1,6203,"Subtitles"
SINFO:2,22,3,0,"nld"
SINFO:2,22,4,0,"Dutch"
SINFO:2,22,5,0,"S_HDMV/PGS"
SINFO:2,22,6,0,"PGS"
SINFO:2,22,7,0,"HDMV PGS Subtitles"
SINFO:2,22,22,0,"6144"
SINFO:2,22,28,0,"eng"
SINFO:2,22,29,0,"English"
SINFO:2,22,30,0,"PGS Dutch  (forced only)"
SINFO:2,22,31,6121,"<b>Track information</b><br>"
SINFO:2,22,33,0,"100"
SINFO:2,22,38,0,""
SINFO:2,22,42,5088,"( Lossless conversion )"
SINFO:2,23,1,6203,"Subtitles"
SINFO:2,23,3,0,"nor"
SINFO:2,23,4,0,"Norwegian"
SINFO:2,23,5,0,"S_HDMV/PGS"
SINFO:2,23,6,0,"PGS"
SINFO:2,23,7,0,"HDMV PGS Subtitles"
SINFO:2,23,22,0,"0"
SINFO:2,23,28,0,"eng"
SINFO:2,23,29,0,"English"
SINFO:2,23,30,0,"PGS Norwegian"
SINFO:2,23,31,6121,"<b>Track information</b><br>"
SINFO:2,23,33,0,"100"
SINFO:2,23,38,0,""
SINFO:2,23,42,5088,"( Lossless conversion )"
SINFO:2,24,1,6203,"Subtitles"
SINFO:2,24,3,0,"nor"
SINFO:2,24,4,0,"Norwegian"
SINFO:2,24,5,0,"S_HDMV/PGS"
SINFO:2,24,6,0,"PGS"
SINFO:2,24,7,0,"HDMV PGS Subtitles"
SINFO:2,24,22,0,"6144"
SINFO:2,24,28,0,"eng"
SINFO:2,24,29,0,"English"
SINFO:2,24,30,0,"PGS Norwegian  (forced only)"
SINFO:2,24,31,6121,"<b>Track information</b><br>"
SINFO:2,24,33,0,"100"
SINFO:2,24,38,0,""
SINFO:2,24,42,5088,"( Lossless conversion )"
SINFO:2,25,1,6203,"Subtitles"
SINFO:2,25,3,0,"swe"
SINFO:2,25,4,0,"Swedish"
SINFO:2,25,5,0,"S_HDMV/PGS"
SINFO:2,25,6,0,"PGS"
SINFO:2,25,7,0,"HDMV PGS Subtitles"
SINFO:2,25,22,0,"0"
SINFO:2,25,28,0,"eng"
SINFO:2,25,29,0,"English"
SINFO:2,25,30,0,"PGS Swedish"
SINFO:2,25,31,6121,"<b>Track information</b><br>"
SINFO:2,25,33,0,"100"
SINFO:2,25,38,0,""
SINFO:2,25,42,5088,"( Lossless conversion )"
SINFO:2,26,1,6203,"Subtitles"
SINFO:2,26,3,0,"swe"
SINFO:2,26,4,0,"Swedish"
SINFO:2,26,5,0,"S_HDMV/PGS"
SINFO:2,26,6,0,"PGS"
SINFO:2,26,7,0,"HDMV PGS Subtitles"
SINFO:2,26,22,0,"6144"
SINFO:2,26,28,0,"eng"
SINFO:2,26,29,0,"English"
SINFO:2,26,30,0,"PGS Swedish  (forced only)"
SINFO:2,26,31,6121,"<b>Track information</b><br>"
SINFO:2,26,33,0,"100"
SINFO:2,26,38,0,""
SINFO:2,26,42,5088,"( Lossless conversion )"
SINFO:2,27,1,6203,"Subtitles"
SINFO:2,27,3,0,"eng"
SINFO:2,27,4,0,"English"
SINFO:2,27,5,0,"S_HDMV/PGS"
SINFO:2,27,6,0,"PGS"
SINFO:2,27,7,0,"HDMV PGS Subtitles"
SINFO:2,27,22,0,"0"
SINFO:2,27,28,0,"eng"
SINFO:2,27,29,0,"English"
SINFO:2,27,30,0,"PGS English"
SINFO:2,27,31,6121,"<b>Track information</b><br>"
SINFO:2,27,33,0,"90"
SINFO:2,27,38,0,""
SINFO:2,27,42,5088,"( Lossless conversion )"
SINFO:2,28,1,6203,"Subtitles"
SINFO:2,28,3,0,"eng"
SINFO:2,28,4,0,"English"
SINFO:2,28,5,0,"S_HDMV/PGS"
SINFO:2,28,6,0,"PGS"
SINFO:2,28,7,0,"HDMV PGS Subtitles"
SINFO:2,28,22,0,"6144"
SINFO:2,28,28,0,"eng"
SINFO:2,28,29,0,"English"
SINFO:2,28,30,0,"PGS English  (forced only)"
SINFO:2,28,31,6121,"<b>Track information</b><br>"
SINFO:2,28,33,0,"90"
SINFO:2,28,38,0,""
SINFO:2,28,42,5088,"( Lossless conversion )"
SINFO:2,29,1,6203,"Subtitles"
SINFO:2,29,3,0,"fra"
SINFO:2,29,4,0,"French"
SINFO:2,29,5,0,"S_HDMV/PGS"
SINFO:2,29,6,0,"PGS"
SINFO:2,29,7,0,"HDMV PGS Subtitles"
SINFO:2,29,22,0,"0"
SINFO:2,29,28,0,"eng"
SINFO:2,29,29,0,"English"
SINFO:2,29,30,0,"PGS French"
SINFO:2,29,31,6121,"<b>Track information</b><br>"
SINFO:2,29,33,0,"100"
SINFO:2,29,38,0,""
SINFO:2,29,42,5088,"( Lossless conversion )"
SINFO:2,30,1,6203,"Subtitles"
SINFO:2,30,3,0,"fra"
SINFO:2,30,4,0,"French"
SINFO:2,30,5,0,"S_HDMV/PGS"
SINFO:2,30,6,0,"PGS"
SINFO:2,30,7,0,"HDMV PGS Subtitles"
SINFO:2,30,22,0,"6144"
SINFO:2,30,28,0,"eng"
SINFO:2,30,29,0,"English"
SINFO:2,30,30,0,"PGS French  (forced only)"
SINFO:2,30,31,6121,"<b>Track information</b><br>"
SINFO:2,30,33,0,"100"
SINFO:2,30,38,0,""
SINFO:2,30,42,5088,"( Lossless conversion )"
SINFO:2,31,1,6203,"Subtitles"
SINFO:2,31,3,0,"dan"
SINFO:2,31,4,0,"Danish"
SINFO:2,31,5,0,"S_HDMV/PGS"
SINFO:2,31,6,0,"PGS"
SINFO:2,31,7,0,"HDMV PGS Subtitles"
SINFO:2,31,22,0,"0"
SINFO:2,31,28,0,"eng"
SINFO:2,31,29,0,"English"
SINFO:2,31,30,0,"PGS Danish"
SINFO:2,31,31,6121,"<b>Track information</b><br>"
SINFO:2,31,33,0,"100"
SINFO:2,31,38,0,""
SINFO:2,31,42,5088,"( Lossless conversion )"
SINFO:2,32,1,6203,"Subtitles"
SINFO:2,32,3,0,"dan"
SINFO:2,32,4,0,"Danish"
SINFO:2,32,5,0,"S_HDMV/PGS"
SINFO:2,32,6,0,"PGS"
SINFO:2,32,7,0,"HDMV PGS Subtitles"
SINFO:2,32,22,0,"6144"
SINFO:2,32,28,0,"eng"
SINFO:2,32,29,0,"English"
SINFO:2,32,30,0,"PGS Danish  (forced only)"
SINFO:2,32,31,6121,"<b>Track information</b><br>"
SINFO:2,32,33,0,"100"
SINFO:2,32,38,0,""
SINFO:2,32,42,5088,"( Lossless conversion )"
SINFO:2,33,1,6203,"Subtitles"
SINFO:2,33,3,0,"fin"
SINFO:2,33,4,0,"Finnish"
SINFO:2,33,5,0,"S_HDMV/PGS"
SINFO:2,33,6,0,"PGS"
SINFO:2,33,7,0,"HDMV PGS Subtitles"
SINFO:2,33,22,0,"0"
SINFO:2,33,28,0,"eng"
SINFO:2,33,29,0,"English"
SINFO:2,33,30,0,"PGS Finnish"
SINFO:2,33,31,6121,"<b>Track information</b><br>"
SINFO:2,33,33,0,"100"
SINFO:2,33,38,0,""
SINFO:2,33,42,5088,"( Lossless conversion )"
SINFO:2,34,1,6203,"Subtitles"
SINFO:2,34,3,0,"fin"
SINFO:2,34,4,0,"Finnish"
SINFO:2,34,5,0,"S_HDMV/PGS"
SINFO:2,34,6,0,"PGS"
SINFO:2,34,7,0,"HDMV PGS Subtitles"
SINFO:2,34,22,0,"6144"
SINFO:2,34,28,0,"eng"
SINFO:2,34,29,0,"English"
SINFO:2,34,30,0,"PGS Finnish  (forced only)"
SINFO:2,34,31,6121,"<b>Track information</b><br>"
SINFO:2,34,33,0,"100"
SINFO:2,34,38,0,""
SINFO:2,34,42,5088,"( Lossless conversion )"
SINFO:2,35,1,6203,"Subtitles"
SINFO:2,35,3,0,"nld"
SINFO:2,35,4,0,"Dutch"
SINFO:2,35,5,0,"S_HDMV/PGS"
SINFO:2,35,6,0,"PGS"
SINFO:2,35,7,0,"HDMV PGS Subtitles"
SINFO:2,35,22,0,"0"
SINFO:2,35,28,0,"eng"
SINFO:2,35,29,0,"English"
SINFO:2,35,30,0,"PGS Dutch"
SINFO:2,35,31,6121,"<b>Track information</b><br>"
SINFO:2,35,33,0,"100"
SINFO:2,35,38,0,""
SINFO:2,35,42,5088,"( Lossless conversion )"
SINFO:2,36,1,6203,"Subtitles"
SINFO:2,36,3,0,"nld"
SINFO:2,36,4,0,"Dutch"
SINFO:2,36,5,0,"S_HDMV/PGS"
SINFO:2,36,6,0,"PGS"
SINFO:2,36,7,0,"HDMV PGS Subtitles"
SINFO:2,36,22,0,"6144"
SINFO:2,36,28,0,"eng"
SINFO:2,36,29,0,"English"
SINFO:2,36,30,0,"PGS Dutch  (forced only)"
SINFO:2,36,31,6121,"<b>Track information</b><br>"
SINFO:2,36,33,0,"100"
SINFO:2,36,38,0,""
SINFO:2,36,42,5088,"( Lossless conversion )"
SINFO:2,37,1,6203,"Subtitles"
SINFO:2,37,3,0,"nor"
SINFO:2,37,4,0,"Norwegian"
SINFO:2,37,5,0,"S_HDMV/PGS"
SINFO:2,37,6,0,"PGS"
SINFO:2,37,7,0,"HDMV PGS Subtitles"
SINFO:2,37,22,0,"0"
SINFO:2,37,28,0,"eng"
SINFO:2,37,29,0,"English"
SINFO:2,37,30,0,"PGS Norwegian"
SINFO:2,37,31,6121,"<b>Track information</b><br>"
SINFO:2,37,33,0,"100"
SINFO:2,37,38,0,""
SINFO:2,37,42,5088,"( Lossless conversion )"
SINFO:2,38,1,6203,"Subtitles"
SINFO:2,38,3,0,"nor"
SINFO:2,38,4,0,"Norwegian"
SINFO:2,38,5,0,"S_HDMV/PGS"
SINFO:2,38,6,0,"PGS"
SINFO:2,38,7,0,"HDMV PGS Subtitles"
SINFO:2,38,22,0,"6144"
SINFO:2,38,28,0,"eng"
SINFO:2,38,29,0,"English"
SINFO:2,38,30,0,"PGS Norwegian  (forced only)"
SINFO:2,38,31,6121,"<b>Track information</b><br>"
SINFO:2,38,33,0,"100"
SINFO:2,38,38,0,""
SINFO:2,38,42,5088,"( Lossless conversion )"
SINFO:2,39,1,6203,"Subtitles"
SINFO:2,39,3,0,"swe"
SINFO:2,39,4,0,"Swedish"
SINFO:2,39,5,0,"S_HDMV/PGS"
SINFO:2,39,6,0,"PGS"
SINFO:2,39,7,0,"HDMV PGS Subtitles"
SINFO:2,39,22,0,"0"
SINFO:2,39,28,0,"eng"
SINFO:2,39,29,0,"English"
SINFO:2,39,30,0,"PGS Swedish"
SINFO:2,39,31,6121,"<b>Track information</b><br>"
SINFO:2,39,33,0,"100"
SINFO:2,39,38,0,""
SINFO:2,39,42,5088,"( Lossless conversion )"
SINFO:2,40,1,6203,"Subtitles"
SINFO:2,40,3,0,"swe"
SINFO:2,40,4,0,"Swedish"
SINFO:2,40,5,0,"S_HDMV/PGS"
SINFO:2,40,6,0,"PGS"
SINFO:2,40,7,0,"HDMV PGS Subtitles"
SINFO:2,40,22,0,"6144"
SINFO:2,40,28,0,"eng"
SINFO:2,40,29,0,"English"
SINFO:2,40,30,0,"PGS Swedish  (forced only)"
SINFO:2,40,31,6121,"<b>Track information</b><br>"
SINFO:2,40,33,0,"100"
SINFO:2,40,38,0,""
SINFO:2,40,42,5088,"( Lossless conversion )"
SINFO:2,41,1,6203,"Subtitles"
SINFO:2,41,3,0,"eng"
SINFO:2,41,4,0,"English"
SINFO:2,41,5,0,"S_HDMV/PGS"
SINFO:2,41,6,0,"PGS"
SINFO:2,41,7,0,"HDMV PGS Subtitles"
SINFO:2,41,22,0,"0"
SINFO:2,41,28,0,"eng"
SINFO:2,41,29,0,"English"
SINFO:2,41,30,0,"PGS English"
SINFO:2,41,31,6121,"<b>Track information</b><br>"
SINFO:2,41,33,0,"90"
SINFO:2,41,38,0,""
SINFO:2,41,42,5088,"( Lossless conversion )"
SINFO:2,42,1,6203,"Subtitles"
SINFO:2,42,3,0,"eng"
SINFO:2,42,4,0,"English"
SINFO:2,42,5,0,"S_HDMV/PGS"
SINFO:2,42,6,0,"PGS"
SINFO:2,42,7,0,"HDMV PGS Subtitles"
SINFO:2,42,22,0,"6144"
SINFO:2,42,28,0,"eng"
SINFO:2,42,29,0,"English"
SINFO:2,42,30,0,"PGS English  (forced only)"
SINFO:2,42,31,6121,"<b>Track information</b><br>"
SINFO:2,42,33,0,"90"
SINFO:2,42,38,0,""
SINFO:2,42,42,5088,"( Lossless conversion )"
SINFO:2,43,1,6203,"Subtitles"
SINFO:2,43,3,0,"fra"
SINFO:2,43,4,0,"French"
SINFO:2,43,5,0,"S_HDMV/PGS"
SINFO:2,43,6,0,"PGS"
SINFO:2,43,7,0,"HDMV PGS Subtitles"
SINFO:2,43,22,0,"0"
SINFO:2,43,28,0,"eng"
SINFO:2,43,29,0,"English"
SINFO:2,43,30,0,"PGS French"
SINFO:2,43,31,6121,"<b>Track information</b><br>"
SINFO:2,43,33,0,"100"
SINFO:2,43,38,0,""
SINFO:2,43,42,5088,"( Lossless conversion )"
SINFO:2,44,1,6203,"Subtitles"
SINFO:2,44,3,0,"fra"
SINFO:2,44,4,0,"French"
SINFO:2,44,5,0,"S_HDMV/PGS"
SINFO:2,44,6,0,"PGS"
SINFO:2,44,7,0,"HDMV PGS Subtitles"
SINFO:2,44,22,0,"6144"
SINFO:2,44,28,0,"eng"
SINFO:2,44,29,0,"English"
SINFO:2,44,30,0,"PGS French  (forced only)"
SINFO:2,44,31,6121,"<b>Track information</b><br>"
SINFO:2,44,33,0,"100"
SINFO:2,44,38,0,""
SINFO:2,44,42,5088,"( Lossless conversion )"
SINFO:2,45,1,6203,"Subtitles"
SINFO:2,45,3,0,"dan"
SINFO:2,45,4,0,"Danish"
SINFO:2,45,5,0,"S_HDMV/PGS"
SINFO:2,45,6,0,"PGS"
SINFO:2,45,7,0,"HDMV PGS Subtitles"
SINFO:2,45,22,0,"0"
SINFO:2,45,28,0,"eng"
SINFO:2,45,29,0,"English"
SINFO:2,45,30,0,"PGS Danish"
SINFO:2,45,31,6121,"<b>Track information</b><br>"
SINFO:2,45,33,0,"100"
SINFO:2,45,38,0,""
SINFO:2,45,42,5088,"( Lossless conversion )"
SINFO:2,46,1,6203,"Subtitles"
SINFO:2,46,3,0,"dan"
SINFO:2,46,4,0,"Danish"
SINFO:2,46,5,0,"S_HDMV/PGS"
SINFO:2,46,6,0,"PGS"
SINFO:2,46,7,0,"HDMV PGS Subtitles"
SINFO:2,46,22,0,"6144"
SINFO:2,46,28,0,"eng"
SINFO:2,46,29,0,"English"
SINFO:2,46,30,0,"PGS Danish  (forced only)"
SINFO:2,46,31,6121,"<b>Track information</b><br>"
SINFO:2,46,33,0,"100"
SINFO:2,46,38,0,""
SINFO:2,46,42,5088,"( Lossless conversion )"
SINFO:2,47,1,6203,"Subtitles"
SINFO:2,47,3,0,"fin"
SINFO:2,47,4,0,"Finnish"
SINFO:2,47,5,0,"S_HDMV/PGS"
SINFO:2,47,6,0,"PGS"
SINFO:2,47,7,0,"HDMV PGS Subtitles"
SINFO:2,47,22,0,"0"
SINFO:2,47,28,0,"eng"
SINFO:2,47,29,0,"English"
SINFO:2,47,30,0,"PGS Finnish"
SINFO:2,47,31,6121,"<b>Track information</b><br>"
SINFO:2,47,33,0,"100"
SINFO:2,47,38,0,""
SINFO:2,47,42,5088,"( Lossless conversion )"
SINFO:2,48,1,6203,"Subtitles"
SINFO:2,48,3,0,"fin"
SINFO:2,48,4,0,"Finnish"
SINFO:2,48,5,0,"S_HDMV/PGS"
SINFO:2,48,6,0,"PGS"
SINFO:2,48,7,0,"HDMV PGS Subtitles"
SINFO:2,48,22,0,"6144"
SINFO:2,48,28,0,"eng"
SINFO:2,48,29,0,"English"
SINFO:2,48,30,0,"PGS Finnish  (forced only)"
SINFO:2,48,31,6121,"<b>Track information</b><br>"
SINFO:2,48,33,0,"100"
SINFO:2,48,38,0,""
SINFO:2,48,42,5088,"( Lossless conversion )"
SINFO:2,49,1,6203,"Subtitles"
SINFO:2,49,3,0,"nld"
SINFO:2,49,4,0,"Dutch"
SINFO:2,49,5,0,"S_HDMV/PGS"
SINFO:2,49,6,0,"PGS"
SINFO:2,49,7,0,"HDMV PGS Subtitles"
SINFO:2,49,22,0,"0"
SINFO:2,49,28,0,"eng"
SINFO:2,49,29,0,"English"
SINFO:2,49,30,0,"PGS Dutch"
SINFO:2,49,31,6121,"<b>Track information</b><br>"
SINFO:2,49,33,0,"100"
SINFO:2,49,38,0,""
SINFO:2,49,42,5088,"( Lossless conversion )"
SINFO:2,50,1,6203,"Subtitles"
SINFO:2,50,3,0,"nld"
SINFO:2,50,4,0,"Dutch"
SINFO:2,50,5,0,"S_HDMV/PGS"
SINFO:2,50,6,0,"PGS"
SINFO:2,50,7,0,"HDMV PGS Subtitles"
SINFO:2,50,22,0,"6144"
SINFO:2,50,28,0,"eng"
SINFO:2,50,29,0,"English"
SINFO:2,50,30,0,"PGS Dutch  (forced only)"
SINFO:2,50,31,6121,"<b>Track information</b><br>"
SINFO:2,50,33,0,"100"
SINFO:2,50,38,0,""
SINFO:2,50,42,5088,"( Lossless conversion )"
SINFO:2,51,1,6203,"Subtitles"
SINFO:2,51,3,0,"nor"
SINFO:2,51,4,0,"Norwegian"
SINFO:2,51,5,0,"S_HDMV/PGS"
SINFO:2,51,6,0,"PGS"
SINFO:2,51,7,0,"HDMV PGS Subtitles"
SINFO:2,51,22,0,"0"
SINFO:2,51,28,0,"eng"
SINFO:2,51,29,0,"English"
SINFO:2,51,30,0,"PGS Norwegian"
SINFO:2,51,31,6121,"<b>Track information</b><br>"
SINFO:2,51,33,0,"100"
SINFO:2,51,38,0,""
SINFO:2,51,42,5088,"( Lossless conversion )"
SINFO:2,52,1,6203,"Subtitles"
SINFO:2,52,3,0,"nor"
SINFO:2,52,4,0,"Norwegian"
SINFO:2,52,5,0,"S_HDMV/PGS"
SINFO:2,52,6,0,"PGS"
SINFO:2,52,7,0,"HDMV PGS Subtitles"
SINFO:2,52,22,0,"6144"
SINFO:2,52,28,0,"eng"
SINFO:2,52,29,0,"English"
SINFO:2,52,30,0,"PGS Norwegian  (forced only)"
SINFO:2,52,31,6121,"<b>Track information</b><br>"
SINFO:2,52,33,0,"100"
SINFO:2,52,38,0,""
SINFO:2,52,42,5088,"( Lossless conversion )"
SINFO:2,53,1,6203,"Subtitles"
SINFO:2,53,3,0,"swe"
SINFO:2,53,4,0,"Swedish"
SINFO:2,53,5,0,"S_HDMV/PGS"
SINFO:2,53,6,0,"PGS"
SINFO:2,53,7,0,"HDMV PGS Subtitles"
SINFO:2,53,22,0,"0"
SINFO:2,53,28,0,"eng"
SINFO:2,53,29,0,"English"
SINFO:2,53,30,0,"PGS Swedish"
SINFO:2,53,31,6121,"<b>Track information</b><br>"
SINFO:2,53,33,0,"100"
SINFO:2,53,38,0,""
SINFO:2,53,42,5088,"( Lossless conversion )"
SINFO:2,54,1,6203,"Subtitles"
SINFO:2,54,3,0,"swe"
SINFO:2,54,4,0,"Swedish"
SINFO:2,54,5,0,"S_HDMV/PGS"
SINFO:2,54,6,0,"PGS"
SINFO:2,54,7,0,"HDMV PGS Subtitles"
SINFO:2,54,22,0,"6144"
SINFO:2,54,28,0,"eng"
SINFO:2,54,29,0,"English"
SINFO:2,54,30,0,"PGS Swedish  (forced only)"
SINFO:2,54,31,6121,"<b>Track information</b><br>"
SINFO:2,54,33,0,"100"
SINFO:2,54,38,0,""
SINFO:2,54,42,5088,"( Lossless conversion )"
SINFO:2,55,1,6203,"Subtitles"
SINFO:2,55,3,0,"eng"
SINFO:2,55,4,0,"English"
SINFO:2,55,5,0,"S_HDMV/PGS"
SINFO:2,55,6,0,"PGS"
SINFO:2,55,7,0,"HDMV PGS Subtitles"
SINFO:2,55,22,0,"0"
SINFO:2,55,28,0,"eng"
SINFO:2,55,29,0,"English"
SINFO:2,55,30,0,"PGS English"
SINFO:2,55,31,6121,"<b>Track information</b><br>"
SINFO:2,55,33,0,"90"
SINFO:2,55,38,0,""
SINFO:2,55,42,5088,"( Lossless conversion )"
SINFO:2,56,1,6203,"Subtitles"
SINFO:2,56,3,0,"eng"
SINFO:2,56,4,0,"English"
SINFO:2,56,5,0,"S_HDMV/PGS"
SINFO:2,56,6,0,"PGS"
SINFO:2,56,7,0,"HDMV PGS Subtitles"
SINFO:2,56,22,0,"6144"
SINFO:2,56,28,0,"eng"
SINFO:2,56,29,0,"English"
SINFO:2,56,30,0,"PGS English  (forced only)"
SINFO:2,56,31,6121,"<b>Track information</b><br>"
SINFO:2,56,33,0,"90"
SINFO:2,56,38,0,""
SINFO:2,56,42,5088,"( Lossless conversion )"
SINFO:2,57,1,6203,"Subtitles"
SINFO:2,57,3,0,"eng"
SINFO:2,57,4,0,"English"
SINFO:2,57,5,0,"S_HDMV/PGS"
SINFO:2,57,6,0,"PGS"
SINFO:2,57,7,0,"HDMV PGS Subtitles"
SINFO:2,57,22,0,"0"
SINFO:2,57,28,0,"eng"
SINFO:2,57,29,0,"English"
SINFO:2,57,30,0,"PGS English"
SINFO:2,57,31,6121,"<b>Track information</b><br>"
SINFO:2,57,33,0,"90"
SINFO:2,57,38,0,""
SINFO:2,57,42,5088,"( Lossless conversion )"
SINFO:2,58,1,6203,"Subtitles"
SINFO:2,58,3,0,"eng"
SINFO:2,58,4,0,"English"
SINFO:2,58,5,0,"S_HDMV/PGS"
SINFO:2,58,6,0,"PGS"
SINFO:2,58,7,0,"HDMV PGS Subtitles"
SINFO:2,58,22,0,"6144"
SINFO:2,58,28,0,"eng"
SINFO:2,58,29,0,"English"
SINFO:2,58,30,0,"PGS English  (forced only)"
SINFO:2,58,31,6121,"<b>Track information</b><br>"
SINFO:2,58,33,0,"90"
SINFO:2,58,38,0,""
SINFO:2,58,42,5088,"( Lossless conversion )"
SINFO:2,59,1,6203,"Subtitles"
SINFO:2,59,3,0,"fra"
SINFO:2,59,4,0,"French"
SINFO:2,59,5,0,"S_HDMV/PGS"
SINFO:2,59,6,0,"PGS"
SINFO:2,59,7,0,"HDMV PGS Subtitles"
SINFO:2,59,22,0,"0"
SINFO:2,59,28,0,"eng"
SINFO:2,59,29,0,"English"
SINFO:2,59,30,0,"PGS French"
SINFO:2,59,31,6121,"<b>Track information</b><br>"
SINFO:2,59,33,0,"100"
SINFO:2,59,38,0,""
SINFO:2,59,42,5088,"( Lossless conversion )"
SINFO:2,60,1,6203,"Subtitles"
SINFO:2,60,3,0,"fra"
SINFO:2,60,4,0,"French"
SINFO:2,60,5,0,"S_HDMV/PGS"
SINFO:2,60,6,0,"PGS"
SINFO:2,60,7,0,"HDMV PGS Subtitles"
SINFO:2,60,22,0,"6144"
SINFO:2,60,28,0,"eng"
SINFO:2,60,29,0,"English"
SINFO:2,60,30,0,"PGS French  (forced only)"
SINFO:2,60,31,6121,"<b>Track information</b><br>"
SINFO:2,60,33,0,"100"
SINFO:2,60,38,0,""
SINFO:2,60,42,5088,"( Lossless conversion )"
SINFO:2,61,1,6203,"Subtitles"
SINFO:2,61,3,0,"spa"
SINFO:2,61,4,0,"Spanish"
SINFO:2,61,5,0,"S_HDMV/PGS"
SINFO:2,61,6,0,"PGS"
SINFO:2,61,7,0,"HDMV PGS Subtitles"
SINFO:2,61,22,0,"0"
SINFO:2,61,28,0,"eng"
SINFO:2,61,29,0,"English"
SINFO:2,61,30,0,"PGS Spanish"
SINFO:2,61,31,6121,"<b>Track information</b><br>"
SINFO:2,61,33,0,"100"
SINFO:2,61,38,0,""
SINFO:2,61,42,5088,"( Lossless conversion )"
SINFO:2,62,1,6203,"Subtitles"
SINFO:2,62,3,0,"spa"
SINFO:2,62,4,0,"Spanish"
SINFO:2,62,5,0,"S_HDMV/PGS"
SINFO:2,62,6,0,"PGS"
SINFO:2,62,7,0,"HDMV PGS Subtitles"
SINFO:2,62,22,0,"6144"
SINFO:2,62,28,0,"eng"
SINFO:2,62,29,0,"English"
SINFO:2,62,30,0,"PGS Spanish  (forced only)"
SINFO:2,62,31,6121,"<b>Track information</b><br>"
SINFO:2,62,33,0,"100"
SINFO:2,62,38,0,""
SINFO:2,62,42,5088,"( Lossless conversion )"
SINFO:2,63,1,6203,"Subtitles"
SINFO:2,63,3,0,"nld"
SINFO:2,63,4,0,"Dutch"
SINFO:2,63,5,0,"S_HDMV/PGS"
SINFO:2,63,6,0,"PGS"
SINFO:2,63,7,0,"HDMV PGS Subtitles"
SINFO:2,63,22,0,"0"
SINFO:2,63,28,0,"eng"
SINFO:2,63,29,0,"English"
SINFO:2,63,30,0,"PGS Dutch"
SINFO:2,63,31,6121,"<b>Track information</b><br>"
SINFO:2,63,33,0,"100"
SINFO:2,63,38,0,""
SINFO:2,63,42,5088,"( Lossless conversion )"
SINFO:2,64,1,6203,"Subtitles"
SINFO:2,64,3,0,"nld"
SINFO:2,64,4,0,"Dutch"
SINFO:2,64,5,0,"S_HDMV/PGS"
SINFO:2,64,6,0,"PGS"
SINFO:2,64,7,0,"HDMV PGS Subtitles"
SINFO:2,64,22,0,"6144"
SINFO:2,64,28,0,"eng"
SINFO:2,64,29,0,"English"
SINFO:2,64,30,0,"PGS Dutch  (forced only)"
SINFO:2,64,31,6121,"<b>Track information</b><br>"
SINFO:2,64,33,0,"100"
SINFO:2,64,38,0,""
SINFO:2,64,42,5088,"( Lossless conversion )"
SINFO:2,65,1,6203,"Subtitles"
SINFO:2,65,3,0,"eng"
SINFO:2,65,4,0,"English"
SINFO:2,65,5,0,"S_HDMV/PGS"
SINFO:2,65,6,0,"PGS"
SINFO:2,65,7,0,"HDMV PGS Subtitles"
SINFO:2,65,22,0,"0"
SINFO:2,65,28,0,"eng"
SINFO:2,65,29,0,"English"
SINFO:2,65,30,0,"PGS English"
SINFO:2,65,31,6121,"<b>Track information</b><br>"
SINFO:2,65,33,0,"90"
SINFO:2,65,38,0,""
SINFO:2,65,42,5088,"( Lossless conversion )"
SINFO:2,66,1,6203,"Subtitles"
SINFO:2,66,3,0,"eng"
SINFO:2,66,4,0,"English"
SINFO:2,66,5,0,"S_HDMV/PGS"
SINFO:2,66,6,0,"PGS"
SINFO:2,66,7,0,"HDMV PGS Subtitles"
SINFO:2,66,22,0,"6144"
SINFO:2,66,28,0,"eng"
SINFO:2,66,29,0,"English"
SINFO:2,66,30,0,"PGS English  (forced only)"
SINFO:2,66,31,6121,"<b>Track information</b><br>"
SINFO:2,66,33,0,"90"
SINFO:2,66,38,0,""
SINFO:2,66,42,5088,"( Lossless conversion )"
SINFO:2,67,1,6203,"Subtitles"
SINFO:2,67,3,0,"nld"
SINFO:2,67,4,0,"Dutch"
SINFO:2,67,5,0,"S_HDMV/PGS"
SINFO:2,67,6,0,"PGS"
SINFO:2,67,7,0,"HDMV PGS Subtitles"
SINFO:2,67,22,0,"0"
SINFO:2,67,28,0,"eng"
SINFO:2,67,29,0,"English"
SINFO:2,67,30,0,"PGS Dutch"
SINFO:2,67,31,6121,"<b>Track information</b><br>"
SINFO:2,67,33,0,"100"
SINFO:2,67,38,0,""
SINFO:2,67,42,5088,"( Lossless conversion )"
SINFO:2,68,1,6203,"Subtitles"
SINFO:2,68,3,0,"nld"
SINFO:2,68,4,0,"Dutch"
SINFO:2,68,5,0,"S_HDMV/PGS"
SINFO:2,68,6,0,"PGS"
SINFO:2,68,7,0,"HDMV PGS Subtitles"
SINFO:2,68,22,0,"6144"
SINFO:2,68,28,0,"eng"
SINFO:2,68,29,0,"English"
SINFO:2,68,30,0,"PGS Dutch  (forced only)"
SINFO:2,68,31,6121,"<b>Track information</b><br>"
SINFO:2,68,33,0,"100"
SINFO:2,68,38,0,""
SINFO:2,68,42,5088,"( Lossless conversion )"
