MSG:1005,0,1,"MakeMKV v1.14.7 darwin(x64-release) started","%1 started","MakeMKV v1.14.7 darwin(x64-release)"
MSG:2010,0,1,"Optical drive \"BD-RE PIONEER BD-RW   BDR-XD05 3.10d\" opened in OS access mode.","Optical drive \"%1\" opened in OS access mode.","BD-RE PIONEER BD-RW   BDR-XD05 3.10d"
DRV:0,2,999,12,"BD-RE PIONEER BD-RW   BDR-XD05 3.10","LAST_STARFIGHTER","/dev/rdisk2"
DRV:1,256,999,0,"","",""
DRV:2,256,999,0,"","",""
DRV:3,256,999,0,"","",""
DRV:4,256,999,0,"","",""
DRV:5,256,999,0,"","",""
DRV:6,256,999,0,"","",""
DRV:7,256,999,0,"","",""
DRV:8,256,999,0,"","",""
DRV:9,256,999,0,"","",""
DRV:10,256,999,0,"","",""
DRV:11,256,999,0,"","",""
DRV:12,256,999,0,"","",""
DRV:13,256,999,0,"","",""
DRV:14,256,999,0,"","",""
DRV:15,256,999,0,"","",""
MSG:3007,0,0,"Using direct disc access mode","Using direct disc access mode"
MSG:5085,0,0,"Loaded content hash table, will verify integrity of M2TS files.","Loaded content hash table, will verify integrity of M2TS files."
MSG:3307,0,2,"File 00000.mpls was added as title #0","File %1 was added as title #%2","00000.mpls","0"
MSG:3307,0,2,"File 00060.mpls was added as title #1","File %1 was added as title #%2","00060.mpls","1"
MSG:3307,16777216,2,"File 00010.mpls was added as title #2","File %1 was added as title #%2","00010.mpls","2"
MSG:3309,16777216,2,"Title 00061.mpls is equal to title 00060.mpls and was skipped","Title %1 is equal to title %2 and was skipped","00061.mpls","00060.mpls"
MSG:3309,16777216,2,"Title 00062.mpls is equal to title 00060.mpls and was skipped","Title %1 is equal to title %2 and was skipped","00062.mpls","00060.mpls"
MSG:3309,16777216,2,"Title 00063.mpls is equal to title 00060.mpls and was skipped","Title %1 is equal to title %2 and was skipped","00063.mpls","00060.mpls"
MSG:3025,16777216,3,"Title #00000.m2ts has length of 23 seconds which is less than minimum title length of 100 seconds and was therefore skipped","Title #%1 has length of %2 seconds which is less than minimum title length of %3 seconds and was therefore skipped","00000.m2ts","23","100"
MSG:3025,16777216,3,"Title #00001.m2ts has length of 14 seconds which is less than minimum title length of 100 seconds and was therefore skipped","Title #%1 has length of %2 seconds which is less than minimum title length of %3 seconds and was therefore skipped","00001.m2ts","14","100"
MSG:3025,16777216,3,"Title #00002.m2ts has length of 59 seconds which is less than minimum title length of 100 seconds and was therefore skipped","Title #%1 has length of %2 seconds which is less than minimum title length of %3 seconds and was therefore skipped","00002.m2ts","59","100"
MSG:3309,0,2,"Title 00010.m2ts is equal to title 00000.mpls and was skipped","Title %1 is equal to title %2 and was skipped","00010.m2ts","00000.mpls"
MSG:3307,16777216,2,"File 00011.m2ts was added as title #3","File %1 was added as title #%2","00011.m2ts","3"
MSG:3025,16777216,3,"Title #00012.m2ts has length of 65 seconds which is less than minimum title length of 100 seconds and was therefore skipped","Title #%1 has length of %2 seconds which is less than minimum title length of %3 seconds and was therefore skipped","00012.m2ts","65","100"
MSG:3025,16777216,3,"Title #00013.m2ts has length of 60 seconds which is less than minimum title length of 100 seconds and was therefore skipped","Title #%1 has length of %2 seconds which is less than minimum title length of %3 seconds and was therefore skipped","00013.m2ts","60","100"
MSG:3025,16777216,3,"Title #00078.m2ts has length of 47 seconds which is less than minimum title length of 100 seconds and was therefore skipped","Title #%1 has length of %2 seconds which is less than minimum title length of %3 seconds and was therefore skipped","00078.m2ts","47","100"
MSG:3309,16777216,2,"Title 00082.m2ts is equal to title 00060.mpls and was skipped","Title %1 is equal to title %2 and was skipped","00082.m2ts","00060.mpls"
MSG:3025,0,3,"Title #00083.m2ts has length of 93 seconds which is less than minimum title length of 100 seconds and was therefore skipped","Title #%1 has length of %2 seconds which is less than minimum title length of %3 seconds and was therefore skipped","00083.m2ts","93","100"
MSG:3307,0,2,"File 00084.m2ts was added as title #4","File %1 was added as title #%2","00084.m2ts","4"
MSG:3307,0,2,"File 00085.m2ts was added as title #5","File %1 was added as title #%2","00085.m2ts","5"
MSG:3307,0,2,"File 00086.m2ts was added as title #6","File %1 was added as title #%2","00086.m2ts","6"
MSG:3307,0,2,"File 00087.m2ts was added as title #7","File %1 was added as title #%2","00087.m2ts","7"
MSG:3307,0,2,"File 00088.m2ts was added as title #8","File %1 was added as title #%2","00088.m2ts","8"
MSG:3307,0,2,"File 00089.m2ts was added as title #9","File %1 was added as title #%2","00089.m2ts","9"
MSG:3307,0,2,"File 00090.m2ts was added as title #10","File %1 was added as title #%2","00090.m2ts","10"
MSG:3307,0,2,"File 00091.m2ts was added as title #11","File %1 was added as title #%2","00091.m2ts","11"
MSG:3307,0,2,"File 00092.m2ts was added as title #12","File %1 was added as title #%2","00092.m2ts","12"
MSG:3307,16777216,2,"File 00093.m2ts was added as title #13","File %1 was added as title #%2","00093.m2ts","13"
MSG:3025,0,3,"Title #00094.m2ts has length of 60 seconds which is less than minimum title length of 100 seconds and was therefore skipped","Title #%1 has length of %2 seconds which is less than minimum title length of %3 seconds and was therefore skipped","00094.m2ts","60","100"
MSG:5011,0,0,"Operation successfully completed","Operation successfully completed"
MSG:5014,0,2,"Saving 14 titles into directory /Volumes/Drobo/FACTORY/1-Ripped/LAST_STARFIGHTER","Saving %1 titles into directory %2","14","/Volumes/Drobo/FACTORY/1-Ripped/LAST_STARFIGHTER"
MSG:4007,16777216,2,"AV synchronization issues were found in file 'The Last Starfighter_t00.mkv' (title #1)","AV synchronization issues were found in file '%1' (title #%2)","The Last Starfighter_t00.mkv","1"
MSG:4001,0,1,"Forced subtitles track #5 turned out to be empty and was removed from output file","Forced subtitles track #%1 turned out to be empty and was removed from output file","5"
MSG:4007,16777216,2,"AV synchronization issues were found in file 'The Last Starfighter_t01.mkv' (title #2)","AV synchronization issues were found in file '%1' (title #%2)","The Last Starfighter_t01.mkv","2"
MSG:4001,0,1,"Forced subtitles track #3 turned out to be empty and was removed from output file","Forced subtitles track #%1 turned out to be empty and was removed from output file","3"
MSG:4007,16777216,2,"AV synchronization issues were found in file 'The Last Starfighter_t03.mkv' (title #4)","AV synchronization issues were found in file '%1' (title #%2)","The Last Starfighter_t03.mkv","4"
MSG:4001,0,1,"Forced subtitles track #3 turned out to be empty and was removed from output file","Forced subtitles track #%1 turned out to be empty and was removed from output file","3"
MSG:4007,16777216,2,"AV synchronization issues were found in file 'The Last Starfighter_t04.mkv' (title #5)","AV synchronization issues were found in file '%1' (title #%2)","The Last Starfighter_t04.mkv","5"
MSG:4001,0,1,"Forced subtitles track #3 turned out to be empty and was removed from output file","Forced subtitles track #%1 turned out to be empty and was removed from output file","3"
MSG:5005,128,1,"14 titles saved","%1 titles saved","14"
MSG:5036,260,1,"Copy complete. 14 titles saved.","Copy complete. %1 titles saved.","14"
