MSG:1005,0,1,"MakeMKV v1.14.7 darwin(x64-release) started","%1 started","MakeMKV v1.14.7 darwin(x64-release)"
MSG:2010,0,1,"Optical drive \"BD-RE PIONEER BD-RW   BDR-XD05 3.10d\" opened in OS access mode.","Optical drive \"%1\" opened in OS access mode.","BD-RE PIONEER BD-RW   BDR-XD05 3.10d"
DRV:0,2,999,1,"BD-RE PIONEER BD-RW   BDR-XD05 3.10","MLP_PONYTRICKORTREAT","/dev/rdisk2"
DRV:1,256,999,0,"","",""
DRV:2,256,999,0,"","",""
DRV:3,256,999,0,"","",""
DRV:4,256,999,0,"","",""
DRV:5,256,999,0,"","",""
DRV:6,256,999,0,"","",""
DRV:7,256,999,0,"","",""
DRV:8,256,999,0,"","",""
DRV:9,256,999,0,"","",""
DRV:10,256,999,0,"","",""
DRV:11,256,999,0,"","",""
DRV:12,256,999,0,"","",""
DRV:13,256,999,0,"","",""
DRV:14,256,999,0,"","",""
DRV:15,256,999,0,"","",""
MSG:3007,0,0,"Using direct disc access mode","Using direct disc access mode"
MSG:3025,0,3,"Title #1 has length of 33 seconds which is less than minimum title length of 100 seconds and was therefore skipped","Title #%1 has length of %2 seconds which is less than minimum title length of %3 seconds and was therefore skipped","1","33","100"
MSG:3028,16777216,3,"Title #2 was added (5 cell(s), 0:22:03)","Title #%1 was added (%2 cell(s), %3)","2","5","0:22:03"
MSG:3028,0,3,"Title #3 was added (5 cell(s), 0:22:03)","Title #%1 was added (%2 cell(s), %3)","3","5","0:22:03"
MSG:3028,16777216,3,"Title #4 was added (5 cell(s), 0:22:02)","Title #%1 was added (%2 cell(s), %3)","4","5","0:22:02"
MSG:3028,0,3,"Title #5 was added (5 cell(s), 0:22:02)","Title #%1 was added (%2 cell(s), %3)","5","5","0:22:02"
MSG:3028,0,3,"Title #6 was added (5 cell(s), 0:22:03)","Title #%1 was added (%2 cell(s), %3)","6","5","0:22:03"
MSG:3028,0,3,"Title #7 was added (5 cell(s), 0:22:03)","Title #%1 was added (%2 cell(s), %3)","7","5","0:22:03"
MSG:3028,16777216,3,"Title #8 was added (5 cell(s), 0:22:03)","Title #%1 was added (%2 cell(s), %3)","8","5","0:22:03"
MSG:3028,0,3,"Title #9 was added (5 cell(s), 0:22:03)","Title #%1 was added (%2 cell(s), %3)","9","5","0:22:03"
MSG:3028,16777216,3,"Title #10 was added (5 cell(s), 0:22:04)","Title #%1 was added (%2 cell(s), %3)","10","5","0:22:04"
MSG:3028,0,3,"Title #11 was added (5 cell(s), 0:22:04)","Title #%1 was added (%2 cell(s), %3)","11","5","0:22:04"
MSG:3025,16777216,3,"Title #12 has length of 9 seconds which is less than minimum title length of 100 seconds and was therefore skipped","Title #%1 has length of %2 seconds which is less than minimum title length of %3 seconds and was therefore skipped","12","9","100"
MSG:3025,16777216,3,"Title #13 has length of 9 seconds which is less than minimum title length of 100 seconds and was therefore skipped","Title #%1 has length of %2 seconds which is less than minimum title length of %3 seconds and was therefore skipped","13","9","100"
MSG:3027,16777216,3,"Title 2 in VTS 2 is equal to title 1 and was skipped","Title %3 in VTS %1 is equal to title %2 and was skipped","2","1","2"
MSG:3027,16777216,3,"Title 2 in VTS 3 is equal to title 1 and was skipped","Title %3 in VTS %1 is equal to title %2 and was skipped","3","1","2"
MSG:3027,16777216,3,"Title 2 in VTS 4 is equal to title 1 and was skipped","Title %3 in VTS %1 is equal to title %2 and was skipped","4","1","2"
MSG:3027,16777216,3,"Title 2 in VTS 5 is equal to title 1 and was skipped","Title %3 in VTS %1 is equal to title %2 and was skipped","5","1","2"
MSG:3027,0,3,"Title 2 in VTS 6 is equal to title 1 and was skipped","Title %3 in VTS %1 is equal to title %2 and was skipped","6","1","2"
MSG:5011,0,0,"Operation successfully completed","Operation successfully completed"
MSG:5000,260,0,"Output folder is not set","Output folder is not set"
