MSG:1005,0,1,"MakeMKV v1.14.7 darwin(x64-release) started","%1 started","MakeMKV v1.14.7 darwin(x64-release)"
MSG:2010,0,1,"Optical drive \"BD-RE PIONEER BD-RW   BDR-XD05 3.10d\" opened in OS access mode.","Optical drive \"%1\" opened in OS access mode.","BD-RE PIONEER BD-RW   BDR-XD05 3.10d"
DRV:0,2,999,1,"BD-RE PIONEER BD-RW   BDR-XD05 3.10","CIVIL_WAR_DISC_1","/dev/rdisk2"
DRV:1,256,999,0,"","",""
DRV:2,256,999,0,"","",""
DRV:3,256,999,0,"","",""
DRV:4,256,999,0,"","",""
DRV:5,256,999,0,"","",""
DRV:6,256,999,0,"","",""
DRV:7,256,999,0,"","",""
DRV:8,256,999,0,"","",""
DRV:9,256,999,0,"","",""
DRV:10,256,999,0,"","",""
DRV:11,256,999,0,"","",""
DRV:12,256,999,0,"","",""
DRV:13,256,999,0,"","",""
DRV:14,256,999,0,"","",""
DRV:15,256,999,0,"","",""
MSG:3007,0,0,"Using direct disc access mode","Using direct disc access mode"
MSG:3024,4096,2,"Complex multiplex encountered - 15 cells and 10731 VOBUs have to be scanned. This may take some time, please be patient - it can't be avoided.","Complex multiplex encountered - %1 cells and %2 VOBUs have to be scanned. This may take some time, please be patient - it can't be avoided.","15","10731"
MSG:3028,16777216,3,"Title #1 was added (15 cell(s), 1:39:04)","Title #%1 was added (%2 cell(s), %3)","1","15","1:39:04"
MSG:3025,16777216,3,"Title #2 has length of 10 seconds which is less than minimum title length of 100 seconds and was therefore skipped","Title #%1 has length of %2 seconds which is less than minimum title length of %3 seconds and was therefore skipped","2","10","100"
MSG:3025,16777216,3,"Title #4 has length of 7 seconds which is less than minimum title length of 100 seconds and was therefore skipped","Title #%1 has length of %2 seconds which is less than minimum title length of %3 seconds and was therefore skipped","4","7","100"
MSG:3025,0,3,"Title #5 has length of 36 seconds which is less than minimum title length of 100 seconds and was therefore skipped","Title #%1 has length of %2 seconds which is less than minimum title length of %3 seconds and was therefore skipped","5","36","100"
MSG:3024,4096,2,"Complex multiplex encountered - 1 cells and 328 VOBUs have to be scanned. This may take some time, please be patient - it can't be avoided.","Complex multiplex encountered - %1 cells and %2 VOBUs have to be scanned. This may take some time, please be patient - it can't be avoided.","1","328"
MSG:3028,0,3,"Title #6 was added (1 cell(s), 0:03:00)","Title #%1 was added (%2 cell(s), %3)","6","1","0:03:00"
MSG:3024,4096,2,"Complex multiplex encountered - 1 cells and 323 VOBUs have to be scanned. This may take some time, please be patient - it can't be avoided.","Complex multiplex encountered - %1 cells and %2 VOBUs have to be scanned. This may take some time, please be patient - it can't be avoided.","1","323"
MSG:3028,0,3,"Title #7 was added (1 cell(s), 0:02:55)","Title #%1 was added (%2 cell(s), %3)","7","1","0:02:55"
MSG:3024,4096,2,"Complex multiplex encountered - 1 cells and 571 VOBUs have to be scanned. This may take some time, please be patient - it can't be avoided.","Complex multiplex encountered - %1 cells and %2 VOBUs have to be scanned. This may take some time, please be patient - it can't be avoided.","1","571"
MSG:3028,0,3,"Title #8 was added (1 cell(s), 0:08:14)","Title #%1 was added (%2 cell(s), %3)","8","1","0:08:14"
MSG:3024,4096,2,"Complex multiplex encountered - 1 cells and 505 VOBUs have to be scanned. This may take some time, please be patient - it can't be avoided.","Complex multiplex encountered - %1 cells and %2 VOBUs have to be scanned. This may take some time, please be patient - it can't be avoided.","1","505"
MSG:3028,0,3,"Title #9 was added (1 cell(s), 0:07:17)","Title #%1 was added (%2 cell(s), %3)","9","1","0:07:17"
MSG:3024,4096,2,"Complex multiplex encountered - 1 cells and 721 VOBUs have to be scanned. This may take some time, please be patient - it can't be avoided.","Complex multiplex encountered - %1 cells and %2 VOBUs have to be scanned. This may take some time, please be patient - it can't be avoided.","1","721"
MSG:3028,0,3,"Title #10 was added (1 cell(s), 0:10:24)","Title #%1 was added (%2 cell(s), %3)","10","1","0:10:24"
MSG:3024,4096,2,"Complex multiplex encountered - 1 cells and 714 VOBUs have to be scanned. This may take some time, please be patient - it can't be avoided.","Complex multiplex encountered - %1 cells and %2 VOBUs have to be scanned. This may take some time, please be patient - it can't be avoided.","1","714"
MSG:3028,0,3,"Title #11 was added (1 cell(s), 0:10:18)","Title #%1 was added (%2 cell(s), %3)","11","1","0:10:18"
MSG:3024,4096,2,"Complex multiplex encountered - 1 cells and 713 VOBUs have to be scanned. This may take some time, please be patient - it can't be avoided.","Complex multiplex encountered - %1 cells and %2 VOBUs have to be scanned. This may take some time, please be patient - it can't be avoided.","1","713"
MSG:3028,0,3,"Title #12 was added (1 cell(s), 0:10:17)","Title #%1 was added (%2 cell(s), %3)","12","1","0:10:17"
MSG:3024,4096,2,"Complex multiplex encountered - 1 cells and 540 VOBUs have to be scanned. This may take some time, please be patient - it can't be avoided.","Complex multiplex encountered - %1 cells and %2 VOBUs have to be scanned. This may take some time, please be patient - it can't be avoided.","1","540"
MSG:3028,0,3,"Title #13 was added (1 cell(s), 0:07:47)","Title #%1 was added (%2 cell(s), %3)","13","1","0:07:47"
MSG:3024,4096,2,"Complex multiplex encountered - 1 cells and 763 VOBUs have to be scanned. This may take some time, please be patient - it can't be avoided.","Complex multiplex encountered - %1 cells and %2 VOBUs have to be scanned. This may take some time, please be patient - it can't be avoided.","1","763"
MSG:3028,0,3,"Title #14 was added (1 cell(s), 0:11:00)","Title #%1 was added (%2 cell(s), %3)","14","1","0:11:00"
MSG:3024,4096,2,"Complex multiplex encountered - 1 cells and 678 VOBUs have to be scanned. This may take some time, please be patient - it can't be avoided.","Complex multiplex encountered - %1 cells and %2 VOBUs have to be scanned. This may take some time, please be patient - it can't be avoided.","1","678"
MSG:3028,16777216,3,"Title #15 was added (1 cell(s), 0:09:47)","Title #%1 was added (%2 cell(s), %3)","15","1","0:09:47"
MSG:3025,0,3,"Title #17 has length of 36 seconds which is less than minimum title length of 100 seconds and was therefore skipped","Title #%1 has length of %2 seconds which is less than minimum title length of %3 seconds and was therefore skipped","17","36","100"
MSG:3034,0,1,"Audio stream #1 looks empty and was skipped","Audio stream #%1 looks empty and was skipped","1"
MSG:3034,0,1,"Audio stream #2 looks empty and was skipped","Audio stream #%1 looks empty and was skipped","2"
MSG:3034,0,1,"Audio stream #1 looks empty and was skipped","Audio stream #%1 looks empty and was skipped","1"
MSG:3034,0,1,"Audio stream #2 looks empty and was skipped","Audio stream #%1 looks empty and was skipped","2"
MSG:3034,0,1,"Audio stream #1 looks empty and was skipped","Audio stream #%1 looks empty and was skipped","1"
MSG:3034,0,1,"Audio stream #2 looks empty and was skipped","Audio stream #%1 looks empty and was skipped","2"
MSG:3034,0,1,"Audio stream #1 looks empty and was skipped","Audio stream #%1 looks empty and was skipped","1"
MSG:3034,0,1,"Audio stream #2 looks empty and was skipped","Audio stream #%1 looks empty and was skipped","2"
MSG:3034,0,1,"Audio stream #1 looks empty and was skipped","Audio stream #%1 looks empty and was skipped","1"
MSG:3034,0,1,"Audio stream #2 looks empty and was skipped","Audio stream #%1 looks empty and was skipped","2"
MSG:3034,0,1,"Audio stream #1 looks empty and was skipped","Audio stream #%1 looks empty and was skipped","1"
MSG:3034,0,1,"Audio stream #2 looks empty and was skipped","Audio stream #%1 looks empty and was skipped","2"
MSG:3034,0,1,"Audio stream #1 looks empty and was skipped","Audio stream #%1 looks empty and was skipped","1"
MSG:3034,0,1,"Audio stream #2 looks empty and was skipped","Audio stream #%1 looks empty and was skipped","2"
MSG:3034,0,1,"Audio stream #1 looks empty and was skipped","Audio stream #%1 looks empty and was skipped","1"
MSG:3034,0,1,"Audio stream #2 looks empty and was skipped","Audio stream #%1 looks empty and was skipped","2"
MSG:3034,0,1,"Audio stream #1 looks empty and was skipped","Audio stream #%1 looks empty and was skipped","1"
MSG:3034,0,1,"Audio stream #2 looks empty and was skipped","Audio stream #%1 looks empty and was skipped","2"
MSG:3034,0,1,"Audio stream #1 looks empty and was skipped","Audio stream #%1 looks empty and was skipped","1"
MSG:3034,0,1,"Audio stream #2 looks empty and was skipped","Audio stream #%1 looks empty and was skipped","2"
MSG:5011,0,0,"Operation successfully completed","Operation successfully completed"
TCOUNT:11
CINFO:1,6206,"DVD disc"
CINFO:2,0,"CIVIL_WAR_DISC_1"
CINFO:30,0,"CIVIL_WAR_DISC_1"
CINFO:31,6119,"<b>Source information</b><br>"
CINFO:32,0,"CIVIL_WAR_DISC_1"
CINFO:33,0,"0"
TINFO:0,8,0,"13"
TINFO:0,9,0,"1:39:04"
TINFO:0,10,0,"3.8 GB"
TINFO:0,11,0,"4125904896"
TINFO:0,24,0,"01"
TINFO:0,25,0,"1"
TINFO:0,26,0,"1-15"
TINFO:0,27,0,"title_t00.mkv"
TINFO:0,30,0,"13 chapter(s) , 3.8 GB"
TINFO:0,31,6120,"<b>Title information</b><br>"
TINFO:0,33,0,"0"
SINFO:0,0,1,6201,"Video"
SINFO:0,0,5,0,"V_MPEG2"
SINFO:0,0,6,0,"Mpeg2"
SINFO:0,0,7,0,"Mpeg2"
SINFO:0,0,13,0,"6.6 Mb/s"
SINFO:0,0,19,0,"720x480"
SINFO:0,0,20,0,"4:3"
SINFO:0,0,21,0,"29.97 (30000/1001)"
SINFO:0,0,22,0,"0"
SINFO:0,0,30,0,"Mpeg2"
SINFO:0,0,31,6121,"<b>Track information</b><br>"
SINFO:0,0,33,0,"0"
SINFO:0,0,38,0,""
SINFO:0,0,42,5088,"( Lossless conversion )"
SINFO:0,1,1,6202,"Audio"
SINFO:0,1,2,5091,"Stereo"
SINFO:0,1,5,0,"A_AC3"
SINFO:0,1,6,0,"DD"
SINFO:0,1,7,0,"Dolby Digital"
SINFO:0,1,13,0,"192 Kb/s"
SINFO:0,1,14,0,"2"
SINFO:0,1,17,0,"48000"
SINFO:0,1,22,0,"0"
SINFO:0,1,30,0,"DD Stereo"
SINFO:0,1,31,6121,"<b>Track information</b><br>"
SINFO:0,1,33,0,"100"
SINFO:0,1,38,0,"d"
SINFO:0,1,39,0,"Default"
SINFO:0,1,40,0,"stereo"
SINFO:0,1,42,5088,"( Lossless conversion )"
SINFO:0,2,1,6202,"Audio"
SINFO:0,2,2,0,"Surround 5.1"
SINFO:0,2,5,0,"A_AC3"
SINFO:0,2,6,0,"DD"
SINFO:0,2,7,0,"Dolby Digital"
SINFO:0,2,13,0,"448 Kb/s"
SINFO:0,2,14,0,"6"
SINFO:0,2,17,0,"48000"
SINFO:0,2,22,0,"0"
SINFO:0,2,30,0,"DD Surround 5.1"
SINFO:0,2,31,6121,"<b>Track information</b><br>"
SINFO:0,2,33,0,"100"
SINFO:0,2,38,0,""
SINFO:0,2,40,0,"5.1(side)"
SINFO:0,2,42,5088,"( Lossless conversion )"
SINFO:0,3,1,6202,"Audio"
SINFO:0,3,2,5091,"Stereo"
SINFO:0,3,5,0,"A_AC3"
SINFO:0,3,6,0,"DD"
SINFO:0,3,7,0,"Dolby Digital"
SINFO:0,3,13,0,"192 Kb/s"
SINFO:0,3,14,0,"2"
SINFO:0,3,17,0,"48000"
SINFO:0,3,22,0,"0"
SINFO:0,3,30,0,"DD Stereo"
SINFO:0,3,31,6121,"<b>Track information</b><br>"
SINFO:0,3,33,0,"100"
SINFO:0,3,38,0,""
SINFO:0,3,40,0,"stereo"
SINFO:0,3,42,5088,"( Lossless conversion )"
SINFO:0,4,1,6203,"Subtitles"
SINFO:0,4,3,0,"eng"
SINFO:0,4,4,0,"English"
SINFO:0,4,5,0,"S_CC608/DVD"
SINFO:0,4,6,0,"CC"
SINFO:0,4,7,0,"Closed Captions"
SINFO:0,4,13,0,"6.6 Mb/s"
SINFO:0,4,22,0,"0"
SINFO:0,4,30,0,"CC→Text English ( Lossy conversion )"
SINFO:0,4,31,6121,"<b>Track information</b><br>"
SINFO:0,4,33,0,"90"
SINFO:0,4,34,0,"Text subtitles ( Lossy conversion )"
SINFO:0,4,38,0,"d"
SINFO:0,4,39,0,"Default"
SINFO:0,4,41,0,"Text"
SINFO:0,4,42,5087,"( Lossy conversion )"
TINFO:1,8,0,"1"
TINFO:1,9,0,"0:03:00"
TINFO:1,10,0,"103.9 MB"
TINFO:1,11,0,"108969984"
TINFO:1,24,0,"06"
TINFO:1,25,0,"1"
TINFO:1,26,0,"1"
TINFO:1,27,0,"title_t01.mkv"
TINFO:1,30,0,"1 chapter(s) , 103.9 MB"
TINFO:1,31,6120,"<b>Title information</b><br>"
TINFO:1,33,0,"0"
SINFO:1,0,1,6201,"Video"
SINFO:1,0,5,0,"V_MPEG2"
SINFO:1,0,6,0,"Mpeg2"
SINFO:1,0,7,0,"Mpeg2"
SINFO:1,0,13,0,"6.6 Mb/s"
SINFO:1,0,19,0,"720x480"
SINFO:1,0,20,0,"4:3"
SINFO:1,0,21,0,"29.97 (30000/1001)"
SINFO:1,0,22,0,"0"
SINFO:1,0,30,0,"Mpeg2"
SINFO:1,0,31,6121,"<b>Track information</b><br>"
SINFO:1,0,33,0,"0"
SINFO:1,0,38,0,""
SINFO:1,0,42,5088,"( Lossless conversion )"
SINFO:1,1,1,6202,"Audio"
SINFO:1,1,2,5091,"Stereo"
SINFO:1,1,5,0,"A_AC3"
SINFO:1,1,6,0,"DD"
SINFO:1,1,7,0,"Dolby Digital"
SINFO:1,1,13,0,"192 Kb/s"
SINFO:1,1,14,0,"2"
SINFO:1,1,17,0,"48000"
SINFO:1,1,22,0,"0"
SINFO:1,1,30,0,"DD Stereo"
SINFO:1,1,31,6121,"<b>Track information</b><br>"
SINFO:1,1,33,0,"100"
SINFO:1,1,38,0,"d"
SINFO:1,1,39,0,"Default"
SINFO:1,1,40,0,"stereo"
SINFO:1,1,42,5088,"( Lossless conversion )"
SINFO:1,2,1,6203,"Subtitles"
SINFO:1,2,3,0,"eng"
SINFO:1,2,4,0,"English"
SINFO:1,2,5,0,"S_CC608/DVD"
SINFO:1,2,6,0,"CC"
SINFO:1,2,7,0,"Closed Captions"
SINFO:1,2,13,0,"6.6 Mb/s"
SINFO:1,2,22,0,"0"
SINFO:1,2,30,0,"CC→Text English ( Lossy conversion )"
SINFO:1,2,31,6121,"<b>Track information</b><br>"
SINFO:1,2,33,0,"90"
SINFO:1,2,34,0,"Text subtitles ( Lossy conversion )"
SINFO:1,2,38,0,"d"
SINFO:1,2,39,0,"Default"
SINFO:1,2,41,0,"Text"
SINFO:1,2,42,5087,"( Lossy conversion )"
TINFO:2,8,0,"1"
TINFO:2,9,0,"0:02:55"
TINFO:2,10,0,"99.0 MB"
TINFO:2,11,0,"103819264"
TINFO:2,24,0,"07"
TINFO:2,25,0,"1"
TINFO:2,26,0,"1"
TINFO:2,27,0,"title_t02.mkv"
TINFO:2,30,0,"1 chapter(s) , 99.0 MB"
TINFO:2,31,6120,"<b>Title information</b><br>"
TINFO:2,33,0,"0"
SINFO:2,0,1,6201,"Video"
SINFO:2,0,5,0,"V_MPEG2"
SINFO:2,0,6,0,"Mpeg2"
SINFO:2,0,7,0,"Mpeg2"
SINFO:2,0,13,0,"6.6 Mb/s"
SINFO:2,0,19,0,"720x480"
SINFO:2,0,20,0,"4:3"
SINFO:2,0,21,0,"29.97 (30000/1001)"
SINFO:2,0,22,0,"0"
SINFO:2,0,30,0,"Mpeg2"
SINFO:2,0,31,6121,"<b>Track information</b><br>"
SINFO:2,0,33,0,"0"
SINFO:2,0,38,0,""
SINFO:2,0,42,5088,"( Lossless conversion )"
SINFO:2,1,1,6202,"Audio"
SINFO:2,1,2,5091,"Stereo"
SINFO:2,1,5,0,"A_AC3"
SINFO:2,1,6,0,"DD"
SINFO:2,1,7,0,"Dolby Digital"
SINFO:2,1,13,0,"192 Kb/s"
SINFO:2,1,14,0,"2"
SINFO:2,1,17,0,"48000"
SINFO:2,1,22,0,"0"
SINFO:2,1,30,0,"DD Stereo"
SINFO:2,1,31,6121,"<b>Track information</b><br>"
SINFO:2,1,33,0,"100"
SINFO:2,1,38,0,"d"
SINFO:2,1,39,0,"Default"
SINFO:2,1,40,0,"stereo"
SINFO:2,1,42,5088,"( Lossless conversion )"
SINFO:2,2,1,6203,"Subtitles"
SINFO:2,2,3,0,"eng"
SINFO:2,2,4,0,"English"
SINFO:2,2,5,0,"S_CC608/DVD"
SINFO:2,2,6,0,"CC"
SINFO:2,2,7,0,"Closed Captions"
SINFO:2,2,13,0,"6.6 Mb/s"
SINFO:2,2,22,0,"0"
SINFO:2,2,30,0,"CC→Text English ( Lossy conversion )"
SINFO:2,2,31,6121,"<b>Track information</b><br>"
SINFO:2,2,33,0,"90"
SINFO:2,2,34,0,"Text subtitles ( Lossy conversion )"
SINFO:2,2,38,0,"d"
SINFO:2,2,39,0,"Default"
SINFO:2,2,41,0,"Text"
SINFO:2,2,42,5087,"( Lossy conversion )"
TINFO:3,8,0,"1"
TINFO:3,9,0,"0:08:14"
TINFO:3,10,0,"406.8 MB"
TINFO:3,11,0,"426596352"
TINFO:3,24,0,"08"
TINFO:3,25,0,"1"
TINFO:3,26,0,"1"
TINFO:3,27,0,"title_t03.mkv"
TINFO:3,30,0,"1 chapter(s) , 406.8 MB"
TINFO:3,31,6120,"<b>Title information</b><br>"
TINFO:3,33,0,"0"
SINFO:3,0,1,6201,"Video"
SINFO:3,0,5,0,"V_MPEG2"
SINFO:3,0,6,0,"Mpeg2"
SINFO:3,0,7,0,"Mpeg2"
SINFO:3,0,13,0,"6.6 Mb/s"
SINFO:3,0,19,0,"720x480"
SINFO:3,0,20,0,"4:3"
SINFO:3,0,21,0,"29.97 (30000/1001)"
SINFO:3,0,22,0,"0"
SINFO:3,0,30,0,"Mpeg2"
SINFO:3,0,31,6121,"<b>Track information</b><br>"
SINFO:3,0,33,0,"0"
SINFO:3,0,38,0,""
SINFO:3,0,42,5088,"( Lossless conversion )"
SINFO:3,1,1,6202,"Audio"
SINFO:3,1,2,5091,"Stereo"
SINFO:3,1,5,0,"A_AC3"
SINFO:3,1,6,0,"DD"
SINFO:3,1,7,0,"Dolby Digital"
SINFO:3,1,13,0,"192 Kb/s"
SINFO:3,1,14,0,"2"
SINFO:3,1,17,0,"48000"
SINFO:3,1,22,0,"0"
SINFO:3,1,30,0,"DD Stereo"
SINFO:3,1,31,6121,"<b>Track information</b><br>"
SINFO:3,1,33,0,"100"
SINFO:3,1,38,0,"d"
SINFO:3,1,39,0,"Default"
SINFO:3,1,40,0,"stereo"
SINFO:3,1,42,5088,"( Lossless conversion )"
SINFO:3,2,1,6203,"Subtitles"
SINFO:3,2,3,0,"eng"
SINFO:3,2,4,0,"English"
SINFO:3,2,5,0,"S_CC608/DVD"
SINFO:3,2,6,0,"CC"
SINFO:3,2,7,0,"Closed Captions"
SINFO:3,2,13,0,"6.6 Mb/s"
SINFO:3,2,22,0,"0"
SINFO:3,2,30,0,"CC→Text English ( Lossy conversion )"
SINFO:3,2,31,6121,"<b>Track information</b><br>"
SINFO:3,2,33,0,"90"
SINFO:3,2,34,0,"Text subtitles ( Lossy conversion )"
SINFO:3,2,38,0,"d"
SINFO:3,2,39,0,"Default"
SINFO:3,2,41,0,"Text"
SINFO:3,2,42,5087,"( Lossy conversion )"
TINFO:4,8,0,"1"
TINFO:4,9,0,"0:07:17"
TINFO:4,10,0,"380.8 MB"
TINFO:4,11,0,"399319040"
TINFO:4,24,0,"09"
TINFO:4,25,0,"1"
TINFO:4,26,0,"1"
TINFO:4,27,0,"title_t04.mkv"
TINFO:4,30,0,"1 chapter(s) , 380.8 MB"
TINFO:4,31,6120,"<b>Title information</b><br>"
TINFO:4,33,0,"0"
SINFO:4,0,1,6201,"Video"
SINFO:4,0,5,0,"V_MPEG2"
SINFO:4,0,6,0,"Mpeg2"
SINFO:4,0,7,0,"Mpeg2"
SINFO:4,0,13,0,"7 Mb/s"
SINFO:4,0,19,0,"720x480"
SINFO:4,0,20,0,"4:3"
SINFO:4,0,21,0,"29.97 (30000/1001)"
SINFO:4,0,22,0,"0"
SINFO:4,0,30,0,"Mpeg2"
SINFO:4,0,31,6121,"<b>Track information</b><br>"
SINFO:4,0,33,0,"0"
SINFO:4,0,38,0,""
SINFO:4,0,42,5088,"( Lossless conversion )"
SINFO:4,1,1,6202,"Audio"
SINFO:4,1,2,5091,"Stereo"
SINFO:4,1,5,0,"A_AC3"
SINFO:4,1,6,0,"DD"
SINFO:4,1,7,0,"Dolby Digital"
SINFO:4,1,13,0,"192 Kb/s"
SINFO:4,1,14,0,"2"
SINFO:4,1,17,0,"48000"
SINFO:4,1,22,0,"0"
SINFO:4,1,30,0,"DD Stereo"
SINFO:4,1,31,6121,"<b>Track information</b><br>"
SINFO:4,1,33,0,"100"
SINFO:4,1,38,0,"d"
SINFO:4,1,39,0,"Default"
SINFO:4,1,40,0,"stereo"
SINFO:4,1,42,5088,"( Lossless conversion )"
SINFO:4,2,1,6203,"Subtitles"
SINFO:4,2,3,0,"eng"
SINFO:4,2,4,0,"English"
SINFO:4,2,5,0,"S_CC608/DVD"
SINFO:4,2,6,0,"CC"
SINFO:4,2,7,0,"Closed Captions"
SINFO:4,2,13,0,"7 Mb/s"
SINFO:4,2,22,0,"0"
SINFO:4,2,30,0,"CC→Text English ( Lossy conversion )"
SINFO:4,2,31,6121,"<b>Track information</b><br>"
SINFO:4,2,33,0,"90"
SINFO:4,2,34,0,"Text subtitles ( Lossy conversion )"
SINFO:4,2,38,0,"d"
SINFO:4,2,39,0,"Default"
SINFO:4,2,41,0,"Text"
SINFO:4,2,42,5087,"( Lossy conversion )"
TINFO:5,8,0,"1"
TINFO:5,9,0,"0:10:24"
TINFO:5,10,0,"543.9 MB"
TINFO:5,11,0,"570359808"
TINFO:5,24,0,"10"
TINFO:5,25,0,"1"
TINFO:5,26,0,"1"
TINFO:5,27,0,"title_t05.mkv"
TINFO:5,30,0,"1 chapter(s) , 543.9 MB"
TINFO:5,31,6120,"<b>Title information</b><br>"
TINFO:5,33,0,"0"
SINFO:5,0,1,6201,"Video"
SINFO:5,0,5,0,"V_MPEG2"
SINFO:5,0,6,0,"Mpeg2"
SINFO:5,0,7,0,"Mpeg2"
SINFO:5,0,13,0,"7 Mb/s"
SINFO:5,0,19,0,"720x480"
SINFO:5,0,20,0,"4:3"
SINFO:5,0,21,0,"29.97 (30000/1001)"
SINFO:5,0,22,0,"0"
SINFO:5,0,30,0,"Mpeg2"
SINFO:5,0,31,6121,"<b>Track information</b><br>"
SINFO:5,0,33,0,"0"
SINFO:5,0,38,0,""
SINFO:5,0,42,5088,"( Lossless conversion )"
SINFO:5,1,1,6202,"Audio"
SINFO:5,1,2,5091,"Stereo"
SINFO:5,1,5,0,"A_AC3"
SINFO:5,1,6,0,"DD"
SINFO:5,1,7,0,"Dolby Digital"
SINFO:5,1,13,0,"192 Kb/s"
SINFO:5,1,14,0,"2"
SINFO:5,1,17,0,"48000"
SINFO:5,1,22,0,"0"
SINFO:5,1,30,0,"DD Stereo"
SINFO:5,1,31,6121,"<b>Track information</b><br>"
SINFO:5,1,33,0,"100"
SINFO:5,1,38,0,"d"
SINFO:5,1,39,0,"Default"
SINFO:5,1,40,0,"stereo"
SINFO:5,1,42,5088,"( Lossless conversion )"
SINFO:5,2,1,6203,"Subtitles"
SINFO:5,2,3,0,"eng"
SINFO:5,2,4,0,"English"
SINFO:5,2,5,0,"S_CC608/DVD"
SINFO:5,2,6,0,"CC"
SINFO:5,2,7,0,"Closed Captions"
SINFO:5,2,13,0,"7 Mb/s"
SINFO:5,2,22,0,"0"
SINFO:5,2,30,0,"CC→Text English ( Lossy conversion )"
SINFO:5,2,31,6121,"<b>Track information</b><br>"
SINFO:5,2,33,0,"90"
SINFO:5,2,34,0,"Text subtitles ( Lossy conversion )"
SINFO:5,2,38,0,"d"
SINFO:5,2,39,0,"Default"
SINFO:5,2,41,0,"Text"
SINFO:5,2,42,5087,"( Lossy conversion )"
TINFO:6,8,0,"1"
TINFO:6,9,0,"0:10:18"
TINFO:6,10,0,"501.6 MB"
TINFO:6,11,0,"525971456"
TINFO:6,24,0,"11"
TINFO:6,25,0,"1"
TINFO:6,26,0,"1"
TINFO:6,27,0,"title_t06.mkv"
TINFO:6,30,0,"1 chapter(s) , 501.6 MB"
TINFO:6,31,6120,"<b>Title information</b><br>"
TINFO:6,33,0,"0"
SINFO:6,0,1,6201,"Video"
SINFO:6,0,5,0,"V_MPEG2"
SINFO:6,0,6,0,"Mpeg2"
SINFO:6,0,7,0,"Mpeg2"
SINFO:6,0,13,0,"6.5 Mb/s"
SINFO:6,0,19,0,"720x480"
SINFO:6,0,20,0,"4:3"
SINFO:6,0,21,0,"29.97 (30000/1001)"
SINFO:6,0,22,0,"0"
SINFO:6,0,30,0,"Mpeg2"
SINFO:6,0,31,6121,"<b>Track information</b><br>"
SINFO:6,0,33,0,"0"
SINFO:6,0,38,0,""
SINFO:6,0,42,5088,"( Lossless conversion )"
SINFO:6,1,1,6202,"Audio"
SINFO:6,1,2,5091,"Stereo"
SINFO:6,1,5,0,"A_AC3"
SINFO:6,1,6,0,"DD"
SINFO:6,1,7,0,"Dolby Digital"
SINFO:6,1,13,0,"192 Kb/s"
SINFO:6,1,14,0,"2"
SINFO:6,1,17,0,"48000"
SINFO:6,1,22,0,"0"
SINFO:6,1,30,0,"DD Stereo"
SINFO:6,1,31,6121,"<b>Track information</b><br>"
SINFO:6,1,33,0,"100"
SINFO:6,1,38,0,"d"
SINFO:6,1,39,0,"Default"
SINFO:6,1,40,0,"stereo"
SINFO:6,1,42,5088,"( Lossless conversion )"
SINFO:6,2,1,6203,"Subtitles"
SINFO:6,2,3,0,"eng"
SINFO:6,2,4,0,"English"
SINFO:6,2,5,0,"S_CC608/DVD"
SINFO:6,2,6,0,"CC"
SINFO:6,2,7,0,"Closed Captions"
SINFO:6,2,13,0,"6.5 Mb/s"
SINFO:6,2,22,0,"0"
SINFO:6,2,30,0,"CC→Text English ( Lossy conversion )"
SINFO:6,2,31,6121,"<b>Track information</b><br>"
SINFO:6,2,33,0,"90"
SINFO:6,2,34,0,"Text subtitles ( Lossy conversion )"
SINFO:6,2,38,0,"d"
SINFO:6,2,39,0,"Default"
SINFO:6,2,41,0,"Text"
SINFO:6,2,42,5087,"( Lossy conversion )"
TINFO:7,8,0,"1"
TINFO:7,9,0,"0:10:17"
TINFO:7,10,0,"500.7 MB"
TINFO:7,11,0,"525033472"
TINFO:7,24,0,"12"
TINFO:7,25,0,"1"
TINFO:7,26,0,"1"
TINFO:7,27,0,"title_t07.mkv"
TINFO:7,30,0,"1 chapter(s) , 500.7 MB"
TINFO:7,31,6120,"<b>Title information</b><br>"
TINFO:7,33,0,"0"
SINFO:7,0,1,6201,"Video"
SINFO:7,0,5,0,"V_MPEG2"
SINFO:7,0,6,0,"Mpeg2"
SINFO:7,0,7,0,"Mpeg2"
SINFO:7,0,13,0,"6.5 Mb/s"
SINFO:7,0,19,0,"720x480"
SINFO:7,0,20,0,"4:3"
SINFO:7,0,21,0,"29.97 (30000/1001)"
SINFO:7,0,22,0,"0"
SINFO:7,0,30,0,"Mpeg2"
SINFO:7,0,31,6121,"<b>Track information</b><br>"
SINFO:7,0,33,0,"0"
SINFO:7,0,38,0,""
SINFO:7,0,42,5088,"( Lossless conversion )"
SINFO:7,1,1,6202,"Audio"
SINFO:7,1,2,5091,"Stereo"
SINFO:7,1,5,0,"A_AC3"
SINFO:7,1,6,0,"DD"
SINFO:7,1,7,0,"Dolby Digital"
SINFO:7,1,13,0,"192 Kb/s"
SINFO:7,1,14,0,"2"
SINFO:7,1,17,0,"48000"
SINFO:7,1,22,0,"0"
SINFO:7,1,30,0,"DD Stereo"
SINFO:7,1,31,6121,"<b>Track information</b><br>"
SINFO:7,1,33,0,"100"
SINFO:7,1,38,0,"d"
SINFO:7,1,39,0,"Default"
SINFO:7,1,40,0,"stereo"
SINFO:7,1,42,5088,"( Lossless conversion )"
SINFO:7,2,1,6203,"Subtitles"
SINFO:7,2,3,0,"eng"
SINFO:7,2,4,0,"English"
SINFO:7,2,5,0,"S_CC608/DVD"
SINFO:7,2,6,0,"CC"
SINFO:7,2,7,0,"Closed Captions"
SINFO:7,2,13,0,"6.5 Mb/s"
SINFO:7,2,22,0,"0"
SINFO:7,2,30,0,"CC→Text English ( Lossy conversion )"
SINFO:7,2,31,6121,"<b>Track information</b><br>"
SINFO:7,2,33,0,"90"
SINFO:7,2,34,0,"Text subtitles ( Lossy conversion )"
SINFO:7,2,38,0,"d"
SINFO:7,2,39,0,"Default"
SINFO:7,2,41,0,"Text"
SINFO:7,2,42,5087,"( Lossy conversion )"
TINFO:8,8,0,"1"
TINFO:8,9,0,"0:07:47"
TINFO:8,10,0,"379.1 MB"
TINFO:8,11,0,"397518848"
TINFO:8,24,0,"13"
TINFO:8,25,0,"1"
TINFO:8,26,0,"1"
TINFO:8,27,0,"title_t08.mkv"
TINFO:8,30,0,"1 chapter(s) , 379.1 MB"
TINFO:8,31,6120,"<b>Title information</b><br>"
TINFO:8,33,0,"0"
SINFO:8,0,1,6201,"Video"
SINFO:8,0,5,0,"V_MPEG2"
SINFO:8,0,6,0,"Mpeg2"
SINFO:8,0,7,0,"Mpeg2"
SINFO:8,0,13,0,"6.5 Mb/s"
SINFO:8,0,19,0,"720x480"
SINFO:8,0,20,0,"4:3"
SINFO:8,0,21,0,"29.97 (30000/1001)"
SINFO:8,0,22,0,"0"
SINFO:8,0,30,0,"Mpeg2"
SINFO:8,0,31,6121,"<b>Track information</b><br>"
SINFO:8,0,33,0,"0"
SINFO:8,0,38,0,""
SINFO:8,0,42,5088,"( Lossless conversion )"
SINFO:8,1,1,6202,"Audio"
SINFO:8,1,2,5091,"Stereo"
SINFO:8,1,5,0,"A_AC3"
SINFO:8,1,6,0,"DD"
SINFO:8,1,7,0,"Dolby Digital"
SINFO:8,1,13,0,"192 Kb/s"
SINFO:8,1,14,0,"2"
SINFO:8,1,17,0,"48000"
SINFO:8,1,22,0,"0"
SINFO:8,1,30,0,"DD Stereo"
SINFO:8,1,31,6121,"<b>Track information</b><br>"
SINFO:8,1,33,0,"100"
SINFO:8,1,38,0,"d"
SINFO:8,1,39,0,"Default"
SINFO:8,1,40,0,"stereo"
SINFO:8,1,42,5088,"( Lossless conversion )"
SINFO:8,2,1,6203,"Subtitles"
SINFO:8,2,3,0,"eng"
SINFO:8,2,4,0,"English"
SINFO:8,2,5,0,"S_CC608/DVD"
SINFO:8,2,6,0,"CC"
SINFO:8,2,7,0,"Closed Captions"
SINFO:8,2,13,0,"6.5 Mb/s"
SINFO:8,2,22,0,"0"
SINFO:8,2,30,0,"CC→Text English ( Lossy conversion )"
SINFO:8,2,31,6121,"<b>Track information</b><br>"
SINFO:8,2,33,0,"90"
SINFO:8,2,34,0,"Text subtitles ( Lossy conversion )"
SINFO:8,2,38,0,"d"
SINFO:8,2,39,0,"Default"
SINFO:8,2,41,0,"Text"
SINFO:8,2,42,5087,"( Lossy conversion )"
TINFO:9,8,0,"1"
TINFO:9,9,0,"0:11:00"
TINFO:9,10,0,"535.9 MB"
TINFO:9,11,0,"562026496"
TINFO:9,24,0,"14"
TINFO:9,25,0,"1"
TINFO:9,26,0,"1"
TINFO:9,27,0,"title_t09.mkv"
TINFO:9,30,0,"1 chapter(s) , 535.9 MB"
TINFO:9,31,6120,"<b>Title information</b><br>"
TINFO:9,33,0,"0"
SINFO:9,0,1,6201,"Video"
SINFO:9,0,5,0,"V_MPEG2"
SINFO:9,0,6,0,"Mpeg2"
SINFO:9,0,7,0,"Mpeg2"
SINFO:9,0,13,0,"6.5 Mb/s"
SINFO:9,0,19,0,"720x480"
SINFO:9,0,20,0,"4:3"
SINFO:9,0,21,0,"29.97 (30000/1001)"
SINFO:9,0,22,0,"0"
SINFO:9,0,30,0,"Mpeg2"
SINFO:9,0,31,6121,"<b>Track information</b><br>"
SINFO:9,0,33,0,"0"
SINFO:9,0,38,0,""
SINFO:9,0,42,5088,"( Lossless conversion )"
SINFO:9,1,1,6202,"Audio"
SINFO:9,1,2,5091,"Stereo"
SINFO:9,1,5,0,"A_AC3"
SINFO:9,1,6,0,"DD"
SINFO:9,1,7,0,"Dolby Digital"
SINFO:9,1,13,0,"192 Kb/s"
SINFO:9,1,14,0,"2"
SINFO:9,1,17,0,"48000"
SINFO:9,1,22,0,"0"
SINFO:9,1,30,0,"DD Stereo"
SINFO:9,1,31,6121,"<b>Track information</b><br>"
SINFO:9,1,33,0,"100"
SINFO:9,1,38,0,"d"
SINFO:9,1,39,0,"Default"
SINFO:9,1,40,0,"stereo"
SINFO:9,1,42,5088,"( Lossless conversion )"
SINFO:9,2,1,6203,"Subtitles"
SINFO:9,2,3,0,"eng"
SINFO:9,2,4,0,"English"
SINFO:9,2,5,0,"S_CC608/DVD"
SINFO:9,2,6,0,"CC"
SINFO:9,2,7,0,"Closed Captions"
SINFO:9,2,13,0,"6.5 Mb/s"
SINFO:9,2,22,0,"0"
SINFO:9,2,30,0,"CC→Text English ( Lossy conversion )"
SINFO:9,2,31,6121,"<b>Track information</b><br>"
SINFO:9,2,33,0,"90"
SINFO:9,2,34,0,"Text subtitles ( Lossy conversion )"
SINFO:9,2,38,0,"d"
SINFO:9,2,39,0,"Default"
SINFO:9,2,41,0,"Text"
SINFO:9,2,42,5087,"( Lossy conversion )"
TINFO:10,8,0,"1"
TINFO:10,9,0,"0:09:47"
TINFO:10,10,0,"485.3 MB"
TINFO:10,11,0,"508942336"
TINFO:10,24,0,"15"
TINFO:10,25,0,"1"
TINFO:10,26,0,"1"
TINFO:10,27,0,"title_t10.mkv"
TINFO:10,30,0,"1 chapter(s) , 485.3 MB"
TINFO:10,31,6120,"<b>Title information</b><br>"
TINFO:10,33,0,"0"
SINFO:10,0,1,6201,"Video"
SINFO:10,0,5,0,"V_MPEG2"
SINFO:10,0,6,0,"Mpeg2"
SINFO:10,0,7,0,"Mpeg2"
SINFO:10,0,13,0,"6.6 Mb/s"
SINFO:10,0,19,0,"720x480"
SINFO:10,0,20,0,"4:3"
SINFO:10,0,21,0,"29.97 (30000/1001)"
SINFO:10,0,22,0,"0"
SINFO:10,0,30,0,"Mpeg2"
SINFO:10,0,31,6121,"<b>Track information</b><br>"
SINFO:10,0,33,0,"0"
SINFO:10,0,38,0,""
SINFO:10,0,42,5088,"( Lossless conversion )"
SINFO:10,1,1,6202,"Audio"
SINFO:10,1,2,5091,"Stereo"
SINFO:10,1,5,0,"A_AC3"
SINFO:10,1,6,0,"DD"
SINFO:10,1,7,0,"Dolby Digital"
SINFO:10,1,13,0,"224 Kb/s"
SINFO:10,1,14,0,"2"
SINFO:10,1,17,0,"48000"
SINFO:10,1,22,0,"0"
SINFO:10,1,30,0,"DD Stereo"
SINFO:10,1,31,6121,"<b>Track information</b><br>"
SINFO:10,1,33,0,"100"
SINFO:10,1,38,0,"d"
SINFO:10,1,39,0,"Default"
SINFO:10,1,40,0,"stereo"
SINFO:10,1,42,5088,"( Lossless conversion )"
SINFO:10,2,1,6203,"Subtitles"
SINFO:10,2,3,0,"eng"
SINFO:10,2,4,0,"English"
SINFO:10,2,5,0,"S_CC608/DVD"
SINFO:10,2,6,0,"CC"
SINFO:10,2,7,0,"Closed Captions"
SINFO:10,2,13,0,"6.6 Mb/s"
SINFO:10,2,22,0,"0"
SINFO:10,2,30,0,"CC→Text English ( Lossy conversion )"
SINFO:10,2,31,6121,"<b>Track information</b><br>"
SINFO:10,2,33,0,"90"
SINFO:10,2,34,0,"Text subtitles ( Lossy conversion )"
SINFO:10,2,38,0,"d"
SINFO:10,2,39,0,"Default"
SINFO:10,2,41,0,"Text"
SINFO:10,2,42,5087,"( Lossy conversion )"
